<?xml version="1.0" encoding="UTF-8"?>
<testsuite name="hstest.MinesweeperTest" tests="1" skipped="0" failures="0" errors="0" timestamp="2023-05-24T10:02:32" hostname="Bolajis-MacBook-Pro.local" time="1.605">
  <properties/>
  <testcase name="start" classname="hstest.MinesweeperTest" time="1.605"/>
  <system-out><![CDATA[?[1;31m
Start test 1?[0m
How many mines do you want on the field?
> 1
 |123456789|
-|---------|
1|.........|
2|.........|
3|.........|
4|.........|
5|.........|
6|.........|
7|.........|
8|.........|
9|.........|
-|---------|
Set/delete mines marks (x and y coordinates):
> 9 9 free
 |123456789|
-|---------|
1|/////////|
2|/////////|
3|/////////|
4|/////////|
5|/////////|
6|/////////|
7|//111////|
8|//1.1////|
9|//1.1////|
-|---------|
Set/delete mines marks (x and y coordinates):
> 4 9 mine
 |123456789|
-|---------|
1|/////////|
2|/////////|
3|/////////|
4|/////////|
5|/////////|
6|/////////|
7|//111////|
8|//1.1////|
9|//1*1////|
-|---------|
Set/delete mines marks (x and y coordinates):
> 4 8 mine
 |123456789|
-|---------|
1|/////////|
2|/////////|
3|/////////|
4|/////////|
5|/////////|
6|/////////|
7|//111////|
8|//1*1////|
9|//1*1////|
-|---------|
Set/delete mines marks (x and y coordinates):
> 4 8 mine
 |123456789|
-|---------|
1|/////////|
2|/////////|
3|/////////|
4|/////////|
5|/////////|
6|/////////|
7|//111////|
8|//1.1////|
9|//1*1////|
-|---------|
Set/delete mines marks (x and y coordinates):
> 4 8 free
 |123456789|
-|---------|
1|/////////|
2|/////////|
3|/////////|
4|/////////|
5|/////////|
6|/////////|
7|//111////|
8|//1X1////|
9|//1*1////|
-|---------|
You stepped on a mine and failed!
?[1;31m
Start test 2?[0m
How many mines do you want on the field?
> 1
 |123456789|
-|---------|
1|.........|
2|.........|
3|.........|
4|.........|
5|.........|
6|.........|
7|.........|
8|.........|
9|.........|
-|---------|
Set/delete mines marks (x and y coordinates):
> 1 4 free
 |123456789|
-|---------|
1|/////////|
2|/////////|
3|/////////|
4|//////111|
5|//////1..|
6|//////111|
7|/////////|
8|/////////|
9|/////////|
-|---------|
Set/delete mines marks (x and y coordinates):
> 9 5 mine
 |123456789|
-|---------|
1|/////////|
2|/////////|
3|/////////|
4|//////111|
5|//////1.*|
6|//////111|
7|/////////|
8|/////////|
9|/////////|
-|---------|
Set/delete mines marks (x and y coordinates):
> 9 5 mine
 |123456789|
-|---------|
1|/////////|
2|/////////|
3|/////////|
4|//////111|
5|//////1..|
6|//////111|
7|/////////|
8|/////////|
9|/////////|
-|---------|
Set/delete mines marks (x and y coordinates):
> 9 5 free
 |123456789|
-|---------|
1|/////////|
2|/////////|
3|/////////|
4|//////111|
5|//////1.1|
6|//////111|
7|/////////|
8|/////////|
9|/////////|
-|---------|
Set/delete mines marks (x and y coordinates):
> 8 5 free
 |123456789|
-|---------|
1|/////////|
2|/////////|
3|/////////|
4|//////111|
5|//////1X1|
6|//////111|
7|/////////|
8|/////////|
9|/////////|
-|---------|
You stepped on a mine and failed!
?[1;31m
Start test 3?[0m
How many mines do you want on the field?
> 1
 |123456789|
-|---------|
1|.........|
2|.........|
3|.........|
4|.........|
5|.........|
6|.........|
7|.........|
8|.........|
9|.........|
-|---------|
Set/delete mines marks (x and y coordinates):
> 2 5 free
 |123456789|
-|---------|
1|////1.1//|
2|////111//|
3|/////////|
4|/////////|
5|/////////|
6|/////////|
7|/////////|
8|/////////|
9|/////////|
-|---------|
Set/delete mines marks (x and y coordinates):
> 6 1 free
 |123456789|
-|---------|
1|////1X1//|
2|////111//|
3|/////////|
4|/////////|
5|/////////|
6|/////////|
7|/////////|
8|/////////|
9|/////////|
-|---------|
You stepped on a mine and failed!
?[1;31m
Start test 4?[0m
How many mines do you want on the field?
> 1
 |123456789|
-|---------|
1|.........|
2|.........|
3|.........|
4|.........|
5|.........|
6|.........|
7|.........|
8|.........|
9|.........|
-|---------|
Set/delete mines marks (x and y coordinates):
> 6 1 free
 |123456789|
-|---------|
1|.....1...|
2|.........|
3|.........|
4|.........|
5|.........|
6|.........|
7|.........|
8|.........|
9|.........|
-|---------|
Set/delete mines marks (x and y coordinates):
> 3 9 free
 |123456789|
-|---------|
1|/////1.1/|
2|/////111/|
3|/////////|
4|/////////|
5|/////////|
6|/////////|
7|/////////|
8|/////////|
9|/////////|
-|---------|
Set/delete mines marks (x and y coordinates):
> 7 1 mine
 |123456789|
-|---------|
1|/////1*1/|
2|/////111/|
3|/////////|
4|/////////|
5|/////////|
6|/////////|
7|/////////|
8|/////////|
9|/////////|
-|---------|
Congratulations! You found all the mines!
?[1;31m
Start test 5?[0m
How many mines do you want on the field?
> 1
 |123456789|
-|---------|
1|.........|
2|.........|
3|.........|
4|.........|
5|.........|
6|.........|
7|.........|
8|.........|
9|.........|
-|---------|
Set/delete mines marks (x and y coordinates):
> 6 2 free
 |123456789|
-|---------|
1|/////////|
2|/////////|
3|/////////|
4|//111////|
5|//1.1////|
6|//111////|
7|/////////|
8|/////////|
9|/////////|
-|---------|
Set/delete mines marks (x and y coordinates):
> 4 5 mine
 |123456789|
-|---------|
1|/////////|
2|/////////|
3|/////////|
4|//111////|
5|//1*1////|
6|//111////|
7|/////////|
8|/////////|
9|/////////|
-|---------|
Congratulations! You found all the mines!
?[1;31m
Start test 6?[0m
How many mines do you want on the field?
> 1
 |123456789|
-|---------|
1|.........|
2|.........|
3|.........|
4|.........|
5|.........|
6|.........|
7|.........|
8|.........|
9|.........|
-|---------|
Set/delete mines marks (x and y coordinates):
> 6 8 free
 |123456789|
-|---------|
1|/////////|
2|/////////|
3|/////////|
4|/////////|
5|/////////|
6|/////////|
7|/////////|
8|111//////|
9|..1//////|
-|---------|
Set/delete mines marks (x and y coordinates):
> 2 9 mine
 |123456789|
-|---------|
1|/////////|
2|/////////|
3|/////////|
4|/////////|
5|/////////|
6|/////////|
7|/////////|
8|111//////|
9|.*1//////|
-|---------|
Congratulations! You found all the mines!
?[1;31m
Start test 7?[0m
How many mines do you want on the field?
> 1
 |123456789|
-|---------|
1|.........|
2|.........|
3|.........|
4|.........|
5|.........|
6|.........|
7|.........|
8|.........|
9|.........|
-|---------|
Set/delete mines marks (x and y coordinates):
> 2 6 free
 |123456789|
-|---------|
1|.1///////|
2|.1///////|
3|11///////|
4|/////////|
5|/////////|
6|/////////|
7|/////////|
8|/////////|
9|/////////|
-|---------|
Set/delete mines marks (x and y coordinates):
> 1 2 mine
 |123456789|
-|---------|
1|.1///////|
2|*1///////|
3|11///////|
4|/////////|
5|/////////|
6|/////////|
7|/////////|
8|/////////|
9|/////////|
-|---------|
Congratulations! You found all the mines!
?[1;31m
Start test 8?[0m
How many mines do you want on the field?
> 1
 |123456789|
-|---------|
1|.........|
2|.........|
3|.........|
4|.........|
5|.........|
6|.........|
7|.........|
8|.........|
9|.........|
-|---------|
Set/delete mines marks (x and y coordinates):
> 7 6 free
 |123456789|
-|---------|
1|///1.1///|
2|///111///|
3|/////////|
4|/////////|
5|/////////|
6|/////////|
7|/////////|
8|/////////|
9|/////////|
-|---------|
Set/delete mines marks (x and y coordinates):
> 5 1 free
 |123456789|
-|---------|
1|///1X1///|
2|///111///|
3|/////////|
4|/////////|
5|/////////|
6|/////////|
7|/////////|
8|/////////|
9|/////////|
-|---------|
You stepped on a mine and failed!
?[1;31m
Start test 9?[0m
How many mines do you want on the field?
> 1
 |123456789|
-|---------|
1|.........|
2|.........|
3|.........|
4|.........|
5|.........|
6|.........|
7|.........|
8|.........|
9|.........|
-|---------|
Set/delete mines marks (x and y coordinates):
> 7 5 mine
 |123456789|
-|---------|
1|.........|
2|.........|
3|.........|
4|.........|
5|......*..|
6|.........|
7|.........|
8|.........|
9|.........|
-|---------|
Set/delete mines marks (x and y coordinates):
> 7 5 mine
 |123456789|
-|---------|
1|.........|
2|.........|
3|.........|
4|.........|
5|.........|
6|.........|
7|.........|
8|.........|
9|.........|
-|---------|
Set/delete mines marks (x and y coordinates):
> 5 6 mine
 |123456789|
-|---------|
1|.........|
2|.........|
3|.........|
4|.........|
5|.........|
6|....*....|
7|.........|
8|.........|
9|.........|
-|---------|
Set/delete mines marks (x and y coordinates):
> 5 3 free
 |123456789|
-|---------|
1|/////////|
2|/////111/|
3|/////1.1/|
4|/////111/|
5|/////////|
6|/////////|
7|/////////|
8|/////////|
9|/////////|
-|---------|
Set/delete mines marks (x and y coordinates):
> 7 3 mine
 |123456789|
-|---------|
1|/////////|
2|/////111/|
3|/////1*1/|
4|/////111/|
5|/////////|
6|/////////|
7|/////////|
8|/////////|
9|/////////|
-|---------|
Congratulations! You found all the mines!
?[1;31m
Start test 10?[0m
How many mines do you want on the field?
> 1
 |123456789|
-|---------|
1|.........|
2|.........|
3|.........|
4|.........|
5|.........|
6|.........|
7|.........|
8|.........|
9|.........|
-|---------|
Set/delete mines marks (x and y coordinates):
> 9 6 mine
 |123456789|
-|---------|
1|.........|
2|.........|
3|.........|
4|.........|
5|.........|
6|........*|
7|.........|
8|.........|
9|.........|
-|---------|
Set/delete mines marks (x and y coordinates):
> 9 6 mine
 |123456789|
-|---------|
1|.........|
2|.........|
3|.........|
4|.........|
5|.........|
6|.........|
7|.........|
8|.........|
9|.........|
-|---------|
Set/delete mines marks (x and y coordinates):
> 3 7 mine
 |123456789|
-|---------|
1|.........|
2|.........|
3|.........|
4|.........|
5|.........|
6|.........|
7|..*......|
8|.........|
9|.........|
-|---------|
Set/delete mines marks (x and y coordinates):
> 8 3 mine
 |123456789|
-|---------|
1|.........|
2|.........|
3|.......*.|
4|.........|
5|.........|
6|.........|
7|..*......|
8|.........|
9|.........|
-|---------|
Set/delete mines marks (x and y coordinates):
> 3 5 free
 |123456789|
-|---------|
1|/////////|
2|111//////|
3|..1//////|
4|111//////|
5|/////////|
6|/////////|
7|/////////|
8|/////////|
9|/////////|
-|---------|
Set/delete mines marks (x and y coordinates):
> 2 3 mine
 |123456789|
-|---------|
1|/////////|
2|111//////|
3|.*1//////|
4|111//////|
5|/////////|
6|/////////|
7|/////////|
8|/////////|
9|/////////|
-|---------|
Congratulations! You found all the mines!
?[1;31m
Start test 11?[0m
How many mines do you want on the field?
> 1
 |123456789|
-|---------|
1|.........|
2|.........|
3|.........|
4|.........|
5|.........|
6|.........|
7|.........|
8|.........|
9|.........|
-|---------|
Set/delete mines marks (x and y coordinates):
> 3 5 free
 |123456789|
-|---------|
1|/////////|
2|/////////|
3|/////////|
4|/////////|
5|/////////|
6|/////////|
7|//////111|
8|//////1..|
9|//////1..|
-|---------|
Set/delete mines marks (x and y coordinates):
> 8 9 free
 |123456789|
-|---------|
1|/////////|
2|/////////|
3|/////////|
4|/////////|
5|/////////|
6|/////////|
7|//////111|
8|//////1..|
9|//////11.|
-|---------|
Set/delete mines marks (x and y coordinates):
> 8 8 free
 |123456789|
-|---------|
1|/////////|
2|/////////|
3|/////////|
4|/////////|
5|/////////|
6|/////////|
7|//////111|
8|//////1X.|
9|//////11.|
-|---------|
You stepped on a mine and failed!
?[1;31m
Start test 12?[0m
How many mines do you want on the field?
> 1
 |123456789|
-|---------|
1|.........|
2|.........|
3|.........|
4|.........|
5|.........|
6|.........|
7|.........|
8|.........|
9|.........|
-|---------|
Set/delete mines marks (x and y coordinates):
> 4 6 free
 |123456789|
-|---------|
1|/////////|
2|/////////|
3|/////////|
4|/////////|
5|/////////|
6|/////////|
7|/////////|
8|///////11|
9|///////1.|
-|---------|
Set/delete mines marks (x and y coordinates):
> 9 9 mine
 |123456789|
-|---------|
1|/////////|
2|/////////|
3|/////////|
4|/////////|
5|/////////|
6|/////////|
7|/////////|
8|///////11|
9|///////1*|
-|---------|
Congratulations! You found all the mines!
?[1;31m
Start test 13?[0m
How many mines do you want on the field?
> 1
 |123456789|
-|---------|
1|.........|
2|.........|
3|.........|
4|.........|
5|.........|
6|.........|
7|.........|
8|.........|
9|.........|
-|---------|
Set/delete mines marks (x and y coordinates):
> 2 5 free
 |123456789|
-|---------|
1|//1.1////|
2|//1.1////|
3|//111////|
4|/////////|
5|/////////|
6|/////////|
7|/////////|
8|/////////|
9|/////////|
-|---------|
Set/delete mines marks (x and y coordinates):
> 4 1 free
 |123456789|
-|---------|
1|//111////|
2|//1.1////|
3|//111////|
4|/////////|
5|/////////|
6|/////////|
7|/////////|
8|/////////|
9|/////////|
-|---------|
Set/delete mines marks (x and y coordinates):
> 4 2 free
 |123456789|
-|---------|
1|//111////|
2|//1X1////|
3|//111////|
4|/////////|
5|/////////|
6|/////////|
7|/////////|
8|/////////|
9|/////////|
-|---------|
You stepped on a mine and failed!
?[1;31m
Start test 14?[0m
How many mines do you want on the field?
> 1
 |123456789|
-|---------|
1|.........|
2|.........|
3|.........|
4|.........|
5|.........|
6|.........|
7|.........|
8|.........|
9|.........|
-|---------|
Set/delete mines marks (x and y coordinates):
> 4 9 mine
 |123456789|
-|---------|
1|.........|
2|.........|
3|.........|
4|.........|
5|.........|
6|.........|
7|.........|
8|.........|
9|...*.....|
-|---------|
Set/delete mines marks (x and y coordinates):
> 4 5 free
 |123456789|
-|---------|
1|/////////|
2|/////////|
3|/////////|
4|/////////|
5|/////////|
6|/////////|
7|/////////|
8|/111/////|
9|/1.1/////|
-|---------|
Set/delete mines marks (x and y coordinates):
> 3 9 mine
 |123456789|
-|---------|
1|/////////|
2|/////////|
3|/////////|
4|/////////|
5|/////////|
6|/////////|
7|/////////|
8|/111/////|
9|/1*1/////|
-|---------|
Congratulations! You found all the mines!
?[1;31m
Start test 15?[0m
How many mines do you want on the field?
> 1
 |123456789|
-|---------|
1|.........|
2|.........|
3|.........|
4|.........|
5|.........|
6|.........|
7|.........|
8|.........|
9|.........|
-|---------|
Set/delete mines marks (x and y coordinates):
> 8 7 free
 |123456789|
-|---------|
1|.........|
2|.........|
3|.........|
4|.........|
5|.........|
6|.........|
7|.......1.|
8|.........|
9|.........|
-|---------|
Set/delete mines marks (x and y coordinates):
> 4 6 free
 |123456789|
-|---------|
1|/////////|
2|/////////|
3|/////////|
4|/////////|
5|//////111|
6|//////1..|
7|//////111|
8|/////////|
9|/////////|
-|---------|
Set/delete mines marks (x and y coordinates):
> 9 6 free
 |123456789|
-|---------|
1|/////////|
2|/////////|
3|/////////|
4|/////////|
5|//////111|
6|//////1.1|
7|//////111|
8|/////////|
9|/////////|
-|---------|
Set/delete mines marks (x and y coordinates):
> 8 6 free
 |123456789|
-|---------|
1|/////////|
2|/////////|
3|/////////|
4|/////////|
5|//////111|
6|//////1X1|
7|//////111|
8|/////////|
9|/////////|
-|---------|
You stepped on a mine and failed!
?[1;31m
Start test 16?[0m
How many mines do you want on the field?
> 1
 |123456789|
-|---------|
1|.........|
2|.........|
3|.........|
4|.........|
5|.........|
6|.........|
7|.........|
8|.........|
9|.........|
-|---------|
Set/delete mines marks (x and y coordinates):
> 4 9 free
 |123456789|
-|---------|
1|/////////|
2|/////////|
3|/////////|
4|/////////|
5|//////111|
6|//////1..|
7|//////111|
8|/////////|
9|/////////|
-|---------|
Set/delete mines marks (x and y coordinates):
> 8 6 free
 |123456789|
-|---------|
1|/////////|
2|/////////|
3|/////////|
4|/////////|
5|//////111|
6|//////1X.|
7|//////111|
8|/////////|
9|/////////|
-|---------|
You stepped on a mine and failed!
?[1;31m
Start test 17?[0m
How many mines do you want on the field?
> 1
 |123456789|
-|---------|
1|.........|
2|.........|
3|.........|
4|.........|
5|.........|
6|.........|
7|.........|
8|.........|
9|.........|
-|---------|
Set/delete mines marks (x and y coordinates):
> 3 6 mine
 |123456789|
-|---------|
1|.........|
2|.........|
3|.........|
4|.........|
5|.........|
6|..*......|
7|.........|
8|.........|
9|.........|
-|---------|
Set/delete mines marks (x and y coordinates):
> 3 6 mine
 |123456789|
-|---------|
1|.........|
2|.........|
3|.........|
4|.........|
5|.........|
6|.........|
7|.........|
8|.........|
9|.........|
-|---------|
Set/delete mines marks (x and y coordinates):
> 9 2 free
 |123456789|
-|---------|
1|/////////|
2|/////////|
3|/////////|
4|/////////|
5|///////11|
6|///////1.|
7|///////11|
8|/////////|
9|/////////|
-|---------|
Set/delete mines marks (x and y coordinates):
> 9 6 free
 |123456789|
-|---------|
1|/////////|
2|/////////|
3|/////////|
4|/////////|
5|///////11|
6|///////1X|
7|///////11|
8|/////////|
9|/////////|
-|---------|
You stepped on a mine and failed!
?[1;31m
Start test 18?[0m
How many mines do you want on the field?
> 1
 |123456789|
-|---------|
1|.........|
2|.........|
3|.........|
4|.........|
5|.........|
6|.........|
7|.........|
8|.........|
9|.........|
-|---------|
Set/delete mines marks (x and y coordinates):
> 4 1 free
 |123456789|
-|---------|
1|/////////|
2|/////////|
3|/////////|
4|/////////|
5|/////////|
6|/////////|
7|/////////|
8|//111////|
9|//1.1////|
-|---------|
Set/delete mines marks (x and y coordinates):
> 4 9 free
 |123456789|
-|---------|
1|/////////|
2|/////////|
3|/////////|
4|/////////|
5|/////////|
6|/////////|
7|/////////|
8|//111////|
9|//1X1////|
-|---------|
You stepped on a mine and failed!
?[1;31m
Start test 19?[0m
How many mines do you want on the field?
> 1
 |123456789|
-|---------|
1|.........|
2|.........|
3|.........|
4|.........|
5|.........|
6|.........|
7|.........|
8|.........|
9|.........|
-|---------|
Set/delete mines marks (x and y coordinates):
> 7 2 free
 |123456789|
-|---------|
1|/////////|
2|/////////|
3|/////////|
4|/////////|
5|/////////|
6|//////111|
7|//////1..|
8|//////111|
9|/////////|
-|---------|
Set/delete mines marks (x and y coordinates):
> 9 7 free
 |123456789|
-|---------|
1|/////////|
2|/////////|
3|/////////|
4|/////////|
5|/////////|
6|//////111|
7|//////1.1|
8|//////111|
9|/////////|
-|---------|
Set/delete mines marks (x and y coordinates):
> 8 7 free
 |123456789|
-|---------|
1|/////////|
2|/////////|
3|/////////|
4|/////////|
5|/////////|
6|//////111|
7|//////1X1|
8|//////111|
9|/////////|
-|---------|
You stepped on a mine and failed!
?[1;31m
Start test 20?[0m
How many mines do you want on the field?
> 1
 |123456789|
-|---------|
1|.........|
2|.........|
3|.........|
4|.........|
5|.........|
6|.........|
7|.........|
8|.........|
9|.........|
-|---------|
Set/delete mines marks (x and y coordinates):
> 1 6 free
 |123456789|
-|---------|
1|/////////|
2|/////////|
3|/////////|
4|/////111/|
5|/////1.1/|
6|/////111/|
7|/////////|
8|/////////|
9|/////////|
-|---------|
Set/delete mines marks (x and y coordinates):
> 7 5 free
 |123456789|
-|---------|
1|/////////|
2|/////////|
3|/////////|
4|/////111/|
5|/////1X1/|
6|/////111/|
7|/////////|
8|/////////|
9|/////////|
-|---------|
You stepped on a mine and failed!
?[1;31m
Start test 21?[0m
How many mines do you want on the field?
> 2
 |123456789|
-|---------|
1|.........|
2|.........|
3|.........|
4|.........|
5|.........|
6|.........|
7|.........|
8|.........|
9|.........|
-|---------|
Set/delete mines marks (x and y coordinates):
> 4 4 free
 |123456789|
-|---------|
1|.........|
2|.........|
3|.........|
4|...1.....|
5|.........|
6|.........|
7|.........|
8|.........|
9|.........|
-|---------|
Set/delete mines marks (x and y coordinates):
> 1 5 free
 |123456789|
-|---------|
1|/////////|
2|/////////|
3|/////////|
4|/111/////|
5|/1.1/////|
6|/111/////|
7|/////////|
8|11///////|
9|.1///////|
-|---------|
Set/delete mines marks (x and y coordinates):
> 1 9 free
 |123456789|
-|---------|
1|/////////|
2|/////////|
3|/////////|
4|/111/////|
5|/1X1/////|
6|/111/////|
7|/////////|
8|11///////|
9|X1///////|
-|---------|
You stepped on a mine and failed!
?[1;31m
Start test 22?[0m
How many mines do you want on the field?
> 2
 |123456789|
-|---------|
1|.........|
2|.........|
3|.........|
4|.........|
5|.........|
6|.........|
7|.........|
8|.........|
9|.........|
-|---------|
Set/delete mines marks (x and y coordinates):
> 9 9 free
 |123456789|
-|---------|
1|/////////|
2|/////////|
3|/////111/|
4|111//1.1/|
5|..1//111/|
6|111//////|
7|/////////|
8|/////////|
9|/////////|
-|---------|
Set/delete mines marks (x and y coordinates):
> 2 5 free
 |123456789|
-|---------|
1|/////////|
2|/////////|
3|/////111/|
4|111//1X1/|
5|.X1//111/|
6|111//////|
7|/////////|
8|/////////|
9|/////////|
-|---------|
You stepped on a mine and failed!
?[1;31m
Start test 23?[0m
How many mines do you want on the field?
> 2
 |123456789|
-|---------|
1|.........|
2|.........|
3|.........|
4|.........|
5|.........|
6|.........|
7|.........|
8|.........|
9|.........|
-|---------|
Set/delete mines marks (x and y coordinates):
> 9 7 free
 |123456789|
-|---------|
1|///////1.|
2|///////11|
3|/////////|
4|//////111|
5|//////1..|
6|//////111|
7|/////////|
8|/////////|
9|/////////|
-|---------|
Set/delete mines marks (x and y coordinates):
> 8 5 mine
 |123456789|
-|---------|
1|///////1.|
2|///////11|
3|/////////|
4|//////111|
5|//////1*.|
6|//////111|
7|/////////|
8|/////////|
9|/////////|
-|---------|
Set/delete mines marks (x and y coordinates):
> 8 5 mine
 |123456789|
-|---------|
1|///////1.|
2|///////11|
3|/////////|
4|//////111|
5|//////1..|
6|//////111|
7|/////////|
8|/////////|
9|/////////|
-|---------|
Set/delete mines marks (x and y coordinates):
> 8 5 free
 |123456789|
-|---------|
1|///////1X|
2|///////11|
3|/////////|
4|//////111|
5|//////1X.|
6|//////111|
7|/////////|
8|/////////|
9|/////////|
-|---------|
You stepped on a mine and failed!
?[1;31m
Start test 24?[0m
How many mines do you want on the field?
> 2
 |123456789|
-|---------|
1|.........|
2|.........|
3|.........|
4|.........|
5|.........|
6|.........|
7|.........|
8|.........|
9|.........|
-|---------|
Set/delete mines marks (x and y coordinates):
> 1 9 mine
 |123456789|
-|---------|
1|.........|
2|.........|
3|.........|
4|.........|
5|.........|
6|.........|
7|.........|
8|.........|
9|*........|
-|---------|
Set/delete mines marks (x and y coordinates):
> 8 6 free
 |123456789|
-|---------|
1|/////////|
2|/////////|
3|/////////|
4|/////////|
5|////111//|
6|////1.1//|
7|///1221//|
8|///1.1///|
9|///1.1///|
-|---------|
Set/delete mines marks (x and y coordinates):
> 5 8 free
 |123456789|
-|---------|
1|/////////|
2|/////////|
3|/////////|
4|/////////|
5|////111//|
6|////1X1//|
7|///1221//|
8|///1X1///|
9|///1.1///|
-|---------|
You stepped on a mine and failed!
?[1;31m
Start test 25?[0m
How many mines do you want on the field?
> 2
 |123456789|
-|---------|
1|.........|
2|.........|
3|.........|
4|.........|
5|.........|
6|.........|
7|.........|
8|.........|
9|.........|
-|---------|
Set/delete mines marks (x and y coordinates):
> 5 4 mine
 |123456789|
-|---------|
1|.........|
2|.........|
3|.........|
4|....*....|
5|.........|
6|.........|
7|.........|
8|.........|
9|.........|
-|---------|
Set/delete mines marks (x and y coordinates):
> 1 6 free
 |123456789|
-|---------|
1|/////////|
2|/////////|
3|/////////|
4|////111//|
5|////1.1//|
6|////111//|
7|/////////|
8|/////111/|
9|/////1.1/|
-|---------|
Set/delete mines marks (x and y coordinates):
> 7 9 free
 |123456789|
-|---------|
1|/////////|
2|/////////|
3|/////////|
4|////111//|
5|////1X1//|
6|////111//|
7|/////////|
8|/////111/|
9|/////1X1/|
-|---------|
You stepped on a mine and failed!
?[1;31m
Start test 26?[0m
How many mines do you want on the field?
> 2
 |123456789|
-|---------|
1|.........|
2|.........|
3|.........|
4|.........|
5|.........|
6|.........|
7|.........|
8|.........|
9|.........|
-|---------|
Set/delete mines marks (x and y coordinates):
> 1 2 mine
 |123456789|
-|---------|
1|.........|
2|*........|
3|.........|
4|.........|
5|.........|
6|.........|
7|.........|
8|.........|
9|.........|
-|---------|
Set/delete mines marks (x and y coordinates):
> 3 4 free
 |123456789|
-|---------|
1|/////////|
2|/////////|
3|/////////|
4|/////////|
5|111//////|
6|..2//////|
7|..2//////|
8|111//////|
9|/////////|
-|---------|
Set/delete mines marks (x and y coordinates):
> 1 6 free
 |123456789|
-|---------|
1|/////////|
2|/////////|
3|/////////|
4|/////////|
5|111//////|
6|2.2//////|
7|..2//////|
8|111//////|
9|/////////|
-|---------|
Set/delete mines marks (x and y coordinates):
> 1 7 free
 |123456789|
-|---------|
1|/////////|
2|/////////|
3|/////////|
4|/////////|
5|111//////|
6|2.2//////|
7|2.2//////|
8|111//////|
9|/////////|
-|---------|
Set/delete mines marks (x and y coordinates):
> 2 7 free
 |123456789|
-|---------|
1|/////////|
2|/////////|
3|/////////|
4|/////////|
5|111//////|
6|2X2//////|
7|2X2//////|
8|111//////|
9|/////////|
-|---------|
You stepped on a mine and failed!
?[1;31m
Start test 27?[0m
How many mines do you want on the field?
> 2
 |123456789|
-|---------|
1|.........|
2|.........|
3|.........|
4|.........|
5|.........|
6|.........|
7|.........|
8|.........|
9|.........|
-|---------|
Set/delete mines marks (x and y coordinates):
> 6 7 free
 |123456789|
-|---------|
1|/////////|
2|/////////|
3|//////111|
4|//////1..|
5|//////12.|
6|///////1.|
7|///////11|
8|/////////|
9|/////////|
-|---------|
Set/delete mines marks (x and y coordinates):
> 9 4 mine
 |123456789|
-|---------|
1|/////////|
2|/////////|
3|//////111|
4|//////1.*|
5|//////12.|
6|///////1.|
7|///////11|
8|/////////|
9|/////////|
-|---------|
Set/delete mines marks (x and y coordinates):
> 9 5 free
 |123456789|
-|---------|
1|/////////|
2|/////////|
3|//////111|
4|//////1.*|
5|//////122|
6|///////1.|
7|///////11|
8|/////////|
9|/////////|
-|---------|
Set/delete mines marks (x and y coordinates):
> 9 6 free
 |123456789|
-|---------|
1|/////////|
2|/////////|
3|//////111|
4|//////1X*|
5|//////122|
6|///////1X|
7|///////11|
8|/////////|
9|/////////|
-|---------|
You stepped on a mine and failed!
?[1;31m
Start test 28?[0m
How many mines do you want on the field?
> 2
 |123456789|
-|---------|
1|.........|
2|.........|
3|.........|
4|.........|
5|.........|
6|.........|
7|.........|
8|.........|
9|.........|
-|---------|
Set/delete mines marks (x and y coordinates):
> 5 9 free
 |123456789|
-|---------|
1|/////////|
2|/////////|
3|/////////|
4|/////////|
5|/////////|
6|/111/////|
7|/1.1//111|
8|/111//1..|
9|//////1..|
-|---------|
Set/delete mines marks (x and y coordinates):
> 9 9 mine
 |123456789|
-|---------|
1|/////////|
2|/////////|
3|/////////|
4|/////////|
5|/////////|
6|/111/////|
7|/1.1//111|
8|/111//1..|
9|//////1.*|
-|---------|
Set/delete mines marks (x and y coordinates):
> 9 9 mine
 |123456789|
-|---------|
1|/////////|
2|/////////|
3|/////////|
4|/////////|
5|/////////|
6|/111/////|
7|/1.1//111|
8|/111//1..|
9|//////1..|
-|---------|
Set/delete mines marks (x and y coordinates):
> 3 7 free
 |123456789|
-|---------|
1|/////////|
2|/////////|
3|/////////|
4|/////////|
5|/////////|
6|/111/////|
7|/1X1//111|
8|/111//1X.|
9|//////1..|
-|---------|
You stepped on a mine and failed!
?[1;31m
Start test 29?[0m
How many mines do you want on the field?
> 2
 |123456789|
-|---------|
1|.........|
2|.........|
3|.........|
4|.........|
5|.........|
6|.........|
7|.........|
8|.........|
9|.........|
-|---------|
Set/delete mines marks (x and y coordinates):
> 5 1 mine
 |123456789|
-|---------|
1|....*....|
2|.........|
3|.........|
4|.........|
5|.........|
6|.........|
7|.........|
8|.........|
9|.........|
-|---------|
Set/delete mines marks (x and y coordinates):
> 5 1 mine
 |123456789|
-|---------|
1|.........|
2|.........|
3|.........|
4|.........|
5|.........|
6|.........|
7|.........|
8|.........|
9|.........|
-|---------|
Set/delete mines marks (x and y coordinates):
> 4 5 free
 |123456789|
-|---------|
1|.........|
2|.........|
3|.........|
4|.........|
5|...1.....|
6|.........|
7|.........|
8|.........|
9|.........|
-|---------|
Set/delete mines marks (x and y coordinates):
> 7 9 free
 |123456789|
-|---------|
1|/////////|
2|/////////|
3|/////////|
4|/////////|
5|///111///|
6|///1.211/|
7|///112.1/|
8|/////111/|
9|/////////|
-|---------|
Set/delete mines marks (x and y coordinates):
> 7 7 mine
 |123456789|
-|---------|
1|/////////|
2|/////////|
3|/////////|
4|/////////|
5|///111///|
6|///1.211/|
7|///112*1/|
8|/////111/|
9|/////////|
-|---------|
Set/delete mines marks (x and y coordinates):
> 5 6 mine
 |123456789|
-|---------|
1|/////////|
2|/////////|
3|/////////|
4|/////////|
5|///111///|
6|///1*211/|
7|///112*1/|
8|/////111/|
9|/////////|
-|---------|
Congratulations! You found all the mines!
?[1;31m
Start test 30?[0m
How many mines do you want on the field?
> 2
 |123456789|
-|---------|
1|.........|
2|.........|
3|.........|
4|.........|
5|.........|
6|.........|
7|.........|
8|.........|
9|.........|
-|---------|
Set/delete mines marks (x and y coordinates):
> 3 1 free
 |123456789|
-|---------|
1|/////////|
2|/////////|
3|/////////|
4|//////111|
5|//////1..|
6|//////111|
7|/////////|
8|/111/////|
9|/1.1/////|
-|---------|
Set/delete mines marks (x and y coordinates):
> 9 5 mine
 |123456789|
-|---------|
1|/////////|
2|/////////|
3|/////////|
4|//////111|
5|//////1.*|
6|//////111|
7|/////////|
8|/111/////|
9|/1.1/////|
-|---------|
Set/delete mines marks (x and y coordinates):
> 8 5 free
 |123456789|
-|---------|
1|/////////|
2|/////////|
3|/////////|
4|//////111|
5|//////1X*|
6|//////111|
7|/////////|
8|/111/////|
9|/1X1/////|
-|---------|
You stepped on a mine and failed!
?[1;31m
Start test 31?[0m
How many mines do you want on the field?
> 2
 |123456789|
-|---------|
1|.........|
2|.........|
3|.........|
4|.........|
5|.........|
6|.........|
7|.........|
8|.........|
9|.........|
-|---------|
Set/delete mines marks (x and y coordinates):
> 2 4 free
 |123456789|
-|---------|
1|/////////|
2|/////////|
3|//////111|
4|//////1..|
5|//////111|
6|/////////|
7|/////////|
8|///////11|
9|///////1.|
-|---------|
Set/delete mines marks (x and y coordinates):
> 9 4 free
 |123456789|
-|---------|
1|/////////|
2|/////////|
3|//////111|
4|//////1.1|
5|//////111|
6|/////////|
7|/////////|
8|///////11|
9|///////1.|
-|---------|
Set/delete mines marks (x and y coordinates):
> 8 4 free
 |123456789|
-|---------|
1|/////////|
2|/////////|
3|//////111|
4|//////1X1|
5|//////111|
6|/////////|
7|/////////|
8|///////11|
9|///////1X|
-|---------|
You stepped on a mine and failed!
?[1;31m
Start test 32?[0m
How many mines do you want on the field?
> 2
 |123456789|
-|---------|
1|.........|
2|.........|
3|.........|
4|.........|
5|.........|
6|.........|
7|.........|
8|.........|
9|.........|
-|---------|
Set/delete mines marks (x and y coordinates):
> 3 4 mine
 |123456789|
-|---------|
1|.........|
2|.........|
3|.........|
4|..*......|
5|.........|
6|.........|
7|.........|
8|.........|
9|.........|
-|---------|
Set/delete mines marks (x and y coordinates):
> 4 5 free
 |123456789|
-|---------|
1|/////////|
2|/////////|
3|/////////|
4|/////////|
5|/////////|
6|/////////|
7|///111///|
8|11/1.1///|
9|.1/1.1///|
-|---------|
Set/delete mines marks (x and y coordinates):
> 5 9 mine
 |123456789|
-|---------|
1|/////////|
2|/////////|
3|/////////|
4|/////////|
5|/////////|
6|/////////|
7|///111///|
8|11/1.1///|
9|.1/1*1///|
-|---------|
Set/delete mines marks (x and y coordinates):
> 1 9 free
 |123456789|
-|---------|
1|/////////|
2|/////////|
3|/////////|
4|/////////|
5|/////////|
6|/////////|
7|///111///|
8|11/1X1///|
9|X1/1*1///|
-|---------|
You stepped on a mine and failed!
?[1;31m
Start test 33?[0m
How many mines do you want on the field?
> 2
 |123456789|
-|---------|
1|.........|
2|.........|
3|.........|
4|.........|
5|.........|
6|.........|
7|.........|
8|.........|
9|.........|
-|---------|
Set/delete mines marks (x and y coordinates):
> 2 7 free
 |123456789|
-|---------|
1|.........|
2|.........|
3|.........|
4|.........|
5|.........|
6|.........|
7|.2.......|
8|.........|
9|.........|
-|---------|
Set/delete mines marks (x and y coordinates):
> 5 5 free
 |123456789|
-|---------|
1|/////////|
2|/////////|
3|/////////|
4|/////////|
5|11///////|
6|.1///////|
7|.21//////|
8|..1//////|
9|..1//////|
-|---------|
Set/delete mines marks (x and y coordinates):
> 1 7 mine
 |123456789|
-|---------|
1|/////////|
2|/////////|
3|/////////|
4|/////////|
5|11///////|
6|.1///////|
7|*21//////|
8|..1//////|
9|..1//////|
-|---------|
Set/delete mines marks (x and y coordinates):
> 1 6 mine
 |123456789|
-|---------|
1|/////////|
2|/////////|
3|/////////|
4|/////////|
5|11///////|
6|*1///////|
7|*21//////|
8|..1//////|
9|..1//////|
-|---------|
Set/delete mines marks (x and y coordinates):
> 2 9 free
 |123456789|
-|---------|
1|/////////|
2|/////////|
3|/////////|
4|/////////|
5|11///////|
6|*1///////|
7|*21//////|
8|..1//////|
9|.11//////|
-|---------|
Set/delete mines marks (x and y coordinates):
> 2 8 free
 |123456789|
-|---------|
1|/////////|
2|/////////|
3|/////////|
4|/////////|
5|11///////|
6|X1///////|
7|*21//////|
8|.X1//////|
9|.11//////|
-|---------|
You stepped on a mine and failed!
?[1;31m
Start test 34?[0m
How many mines do you want on the field?
> 2
 |123456789|
-|---------|
1|.........|
2|.........|
3|.........|
4|.........|
5|.........|
6|.........|
7|.........|
8|.........|
9|.........|
-|---------|
Set/delete mines marks (x and y coordinates):
> 7 4 free
 |123456789|
-|---------|
1|///////1.|
2|///////11|
3|/////////|
4|///////11|
5|///////1.|
6|///////11|
7|/////////|
8|/////////|
9|/////////|
-|---------|
Set/delete mines marks (x and y coordinates):
> 9 5 free
 |123456789|
-|---------|
1|///////1X|
2|///////11|
3|/////////|
4|///////11|
5|///////1X|
6|///////11|
7|/////////|
8|/////////|
9|/////////|
-|---------|
You stepped on a mine and failed!
?[1;31m
Start test 35?[0m
How many mines do you want on the field?
> 2
 |123456789|
-|---------|
1|.........|
2|.........|
3|.........|
4|.........|
5|.........|
6|.........|
7|.........|
8|.........|
9|.........|
-|---------|
Set/delete mines marks (x and y coordinates):
> 5 7 free
 |123456789|
-|---------|
1|/////////|
2|/////////|
3|/////////|
4|////1221/|
5|////1..1/|
6|////1221/|
7|/////////|
8|/////////|
9|/////////|
-|---------|
Set/delete mines marks (x and y coordinates):
> 7 5 free
 |123456789|
-|---------|
1|/////////|
2|/////////|
3|/////////|
4|////1221/|
5|////1XX1/|
6|////1221/|
7|/////////|
8|/////////|
9|/////////|
-|---------|
You stepped on a mine and failed!
?[1;31m
Start test 36?[0m
How many mines do you want on the field?
> 2
 |123456789|
-|---------|
1|.........|
2|.........|
3|.........|
4|.........|
5|.........|
6|.........|
7|.........|
8|.........|
9|.........|
-|---------|
Set/delete mines marks (x and y coordinates):
> 7 8 free
 |123456789|
-|---------|
1|.........|
2|.........|
3|.........|
4|.........|
5|.........|
6|.........|
7|.........|
8|......1..|
9|.........|
-|---------|
Set/delete mines marks (x and y coordinates):
> 7 9 free
 |123456789|
-|---------|
1|.........|
2|.........|
3|.........|
4|.........|
5|.........|
6|.........|
7|.........|
8|......1..|
9|......1..|
-|---------|
Set/delete mines marks (x and y coordinates):
> 4 4 free
 |123456789|
-|---------|
1|/////////|
2|/////////|
3|/////////|
4|/////////|
5|/////////|
6|/////////|
7|11////111|
8|.1////1..|
9|.1////1..|
-|---------|
Set/delete mines marks (x and y coordinates):
> 1 9 mine
 |123456789|
-|---------|
1|/////////|
2|/////////|
3|/////////|
4|/////////|
5|/////////|
6|/////////|
7|11////111|
8|.1////1..|
9|*1////1..|
-|---------|
Set/delete mines marks (x and y coordinates):
> 9 8 free
 |123456789|
-|---------|
1|/////////|
2|/////////|
3|/////////|
4|/////////|
5|/////////|
6|/////////|
7|11////111|
8|.1////1.1|
9|*1////1..|
-|---------|
Set/delete mines marks (x and y coordinates):
> 1 9 mine
 |123456789|
-|---------|
1|/////////|
2|/////////|
3|/////////|
4|/////////|
5|/////////|
6|/////////|
7|11////111|
8|.1////1.1|
9|.1////1..|
-|---------|
Set/delete mines marks (x and y coordinates):
> 1 9 free
 |123456789|
-|---------|
1|/////////|
2|/////////|
3|/////////|
4|/////////|
5|/////////|
6|/////////|
7|11////111|
8|.1////1.1|
9|11////1..|
-|---------|
Set/delete mines marks (x and y coordinates):
> 8 8 mine
 |123456789|
-|---------|
1|/////////|
2|/////////|
3|/////////|
4|/////////|
5|/////////|
6|/////////|
7|11////111|
8|.1////1*1|
9|11////1..|
-|---------|
Set/delete mines marks (x and y coordinates):
> 1 8 free
 |123456789|
-|---------|
1|/////////|
2|/////////|
3|/////////|
4|/////////|
5|/////////|
6|/////////|
7|11////111|
8|X1////1X1|
9|11////1..|
-|---------|
You stepped on a mine and failed!
?[1;31m
Start test 37?[0m
How many mines do you want on the field?
> 2
 |123456789|
-|---------|
1|.........|
2|.........|
3|.........|
4|.........|
5|.........|
6|.........|
7|.........|
8|.........|
9|.........|
-|---------|
Set/delete mines marks (x and y coordinates):
> 5 3 free
 |123456789|
-|---------|
1|//1..1///|
2|//1221///|
3|/////////|
4|/////////|
5|/////////|
6|/////////|
7|/////////|
8|/////////|
9|/////////|
-|---------|
Set/delete mines marks (x and y coordinates):
> 5 1 free
 |123456789|
-|---------|
1|//1XX1///|
2|//1221///|
3|/////////|
4|/////////|
5|/////////|
6|/////////|
7|/////////|
8|/////////|
9|/////////|
-|---------|
You stepped on a mine and failed!
?[1;31m
Start test 38?[0m
How many mines do you want on the field?
> 2
 |123456789|
-|---------|
1|.........|
2|.........|
3|.........|
4|.........|
5|.........|
6|.........|
7|.........|
8|.........|
9|.........|
-|---------|
Set/delete mines marks (x and y coordinates):
> 9 3 free
 |123456789|
-|---------|
1|/////1.1/|
2|/////111/|
3|/111/////|
4|/1.1/////|
5|/111/////|
6|/////////|
7|/////////|
8|/////////|
9|/////////|
-|---------|
Set/delete mines marks (x and y coordinates):
> 3 4 mine
 |123456789|
-|---------|
1|/////1.1/|
2|/////111/|
3|/111/////|
4|/1*1/////|
5|/111/////|
6|/////////|
7|/////////|
8|/////////|
9|/////////|
-|---------|
Set/delete mines marks (x and y coordinates):
> 7 1 free
 |123456789|
-|---------|
1|/////1X1/|
2|/////111/|
3|/111/////|
4|/1X1/////|
5|/111/////|
6|/////////|
7|/////////|
8|/////////|
9|/////////|
-|---------|
You stepped on a mine and failed!
?[1;31m
Start test 39?[0m
How many mines do you want on the field?
> 2
 |123456789|
-|---------|
1|.........|
2|.........|
3|.........|
4|.........|
5|.........|
6|.........|
7|.........|
8|.........|
9|.........|
-|---------|
Set/delete mines marks (x and y coordinates):
> 6 9 free
 |123456789|
-|---------|
1|/////////|
2|/////////|
3|///111///|
4|///1.1///|
5|///111111|
6|//////1..|
7|//////111|
8|/////////|
9|/////////|
-|---------|
Set/delete mines marks (x and y coordinates):
> 8 6 mine
 |123456789|
-|---------|
1|/////////|
2|/////////|
3|///111///|
4|///1.1///|
5|///111111|
6|//////1*.|
7|//////111|
8|/////////|
9|/////////|
-|---------|
Set/delete mines marks (x and y coordinates):
> 9 6 mine
 |123456789|
-|---------|
1|/////////|
2|/////////|
3|///111///|
4|///1.1///|
5|///111111|
6|//////1**|
7|//////111|
8|/////////|
9|/////////|
-|---------|
Set/delete mines marks (x and y coordinates):
> 5 4 free
 |123456789|
-|---------|
1|/////////|
2|/////////|
3|///111///|
4|///1X1///|
5|///111111|
6|//////1X*|
7|//////111|
8|/////////|
9|/////////|
-|---------|
You stepped on a mine and failed!
?[1;31m
Start test 40?[0m
How many mines do you want on the field?
> 2
 |123456789|
-|---------|
1|.........|
2|.........|
3|.........|
4|.........|
5|.........|
6|.........|
7|.........|
8|.........|
9|.........|
-|---------|
Set/delete mines marks (x and y coordinates):
> 2 4 mine
 |123456789|
-|---------|
1|.........|
2|.........|
3|.........|
4|.*.......|
5|.........|
6|.........|
7|.........|
8|.........|
9|.........|
-|---------|
Set/delete mines marks (x and y coordinates):
> 2 1 mine
 |123456789|
-|---------|
1|.*.......|
2|.........|
3|.........|
4|.*.......|
5|.........|
6|.........|
7|.........|
8|.........|
9|.........|
-|---------|
Set/delete mines marks (x and y coordinates):
> 6 8 free
 |123456789|
-|---------|
1|.*.......|
2|.........|
3|.........|
4|.*.......|
5|.........|
6|.........|
7|.........|
8|.....1...|
9|.........|
-|---------|
Set/delete mines marks (x and y coordinates):
> 3 6 free
 |123456789|
-|---------|
1|/1.1/////|
2|/1.1/////|
3|/111/////|
4|/////////|
5|/////////|
6|/////////|
7|/////////|
8|///111///|
9|///1.1///|
-|---------|
Set/delete mines marks (x and y coordinates):
> 3 1 free
 |123456789|
-|---------|
1|/111/////|
2|/1.1/////|
3|/111/////|
4|/////////|
5|/////////|
6|/////////|
7|/////////|
8|///111///|
9|///1.1///|
-|---------|
Set/delete mines marks (x and y coordinates):
> 5 9 free
 |123456789|
-|---------|
1|/111/////|
2|/1X1/////|
3|/111/////|
4|/////////|
5|/////////|
6|/////////|
7|/////////|
8|///111///|
9|///1X1///|
-|---------|
You stepped on a mine and failed!
?[1;31m
Start test 41?[0m
How many mines do you want on the field?
> 3
 |123456789|
-|---------|
1|.........|
2|.........|
3|.........|
4|.........|
5|.........|
6|.........|
7|.........|
8|.........|
9|.........|
-|---------|
Set/delete mines marks (x and y coordinates):
> 9 2 free
 |123456789|
-|---------|
1|/////////|
2|/////////|
3|/////////|
4|////111//|
5|////1.1//|
6|/1111221/|
7|/1.1/1.1/|
8|/111/111/|
9|/////////|
-|---------|
Set/delete mines marks (x and y coordinates):
> 7 7 free
 |123456789|
-|---------|
1|/////////|
2|/////////|
3|/////////|
4|////111//|
5|////1X1//|
6|/1111221/|
7|/1X1/1X1/|
8|/111/111/|
9|/////////|
-|---------|
You stepped on a mine and failed!
?[1;31m
Start test 42?[0m
How many mines do you want on the field?
> 3
 |123456789|
-|---------|
1|.........|
2|.........|
3|.........|
4|.........|
5|.........|
6|.........|
7|.........|
8|.........|
9|.........|
-|---------|
Set/delete mines marks (x and y coordinates):
> 8 9 free
 |123456789|
-|---------|
1|.....1///|
2|..1111///|
3|.11//////|
4|.1///////|
5|.1///////|
6|11///////|
7|/////////|
8|/////////|
9|/////////|
-|---------|
Set/delete mines marks (x and y coordinates):
> 1 2 free
 |123456789|
-|---------|
1|.....1///|
2|1.1111///|
3|.11//////|
4|.1///////|
5|.1///////|
6|11///////|
7|/////////|
8|/////////|
9|/////////|
-|---------|
Set/delete mines marks (x and y coordinates):
> 2 1 free
 |123456789|
-|---------|
1|.1...1///|
2|1.1111///|
3|.11//////|
4|.1///////|
5|.1///////|
6|11///////|
7|/////////|
8|/////////|
9|/////////|
-|---------|
Set/delete mines marks (x and y coordinates):
> 4 1 free
 |123456789|
-|---------|
1|.1.1.1///|
2|1.1111///|
3|.11//////|
4|.1///////|
5|.1///////|
6|11///////|
7|/////////|
8|/////////|
9|/////////|
-|---------|
Set/delete mines marks (x and y coordinates):
> 3 1 free
 |123456789|
-|---------|
1|.111.1///|
2|1.1111///|
3|.11//////|
4|.1///////|
5|.1///////|
6|11///////|
7|/////////|
8|/////////|
9|/////////|
-|---------|
Set/delete mines marks (x and y coordinates):
> 2 2 free
 |123456789|
-|---------|
1|.111X1///|
2|1X1111///|
3|.11//////|
4|.1///////|
5|X1///////|
6|11///////|
7|/////////|
8|/////////|
9|/////////|
-|---------|
You stepped on a mine and failed!
?[1;31m
Start test 43?[0m
How many mines do you want on the field?
> 3
 |123456789|
-|---------|
1|.........|
2|.........|
3|.........|
4|.........|
5|.........|
6|.........|
7|.........|
8|.........|
9|.........|
-|---------|
Set/delete mines marks (x and y coordinates):
> 2 7 mine
 |123456789|
-|---------|
1|.........|
2|.........|
3|.........|
4|.........|
5|.........|
6|.........|
7|.*.......|
8|.........|
9|.........|
-|---------|
Set/delete mines marks (x and y coordinates):
> 8 1 free
 |123456789|
-|---------|
1|///1.1///|
2|///111///|
3|11///////|
4|.1/////11|
5|11/////1.|
6|///////11|
7|/////////|
8|/////////|
9|/////////|
-|---------|
Set/delete mines marks (x and y coordinates):
> 5 1 free
 |123456789|
-|---------|
1|///1X1///|
2|///111///|
3|11///////|
4|X1/////11|
5|11/////1X|
6|///////11|
7|/////////|
8|/////////|
9|/////////|
-|---------|
You stepped on a mine and failed!
?[1;31m
Start test 44?[0m
How many mines do you want on the field?
> 3
 |123456789|
-|---------|
1|.........|
2|.........|
3|.........|
4|.........|
5|.........|
6|.........|
7|.........|
8|.........|
9|.........|
-|---------|
Set/delete mines marks (x and y coordinates):
> 9 3 free
 |123456789|
-|---------|
1|.........|
2|.........|
3|........1|
4|.........|
5|.........|
6|.........|
7|.........|
8|.........|
9|.........|
-|---------|
Set/delete mines marks (x and y coordinates):
> 6 7 free
 |123456789|
-|---------|
1|.........|
2|.........|
3|........1|
4|.........|
5|.........|
6|.........|
7|.....1...|
8|.........|
9|.........|
-|---------|
Set/delete mines marks (x and y coordinates):
> 2 3 mine
 |123456789|
-|---------|
1|.........|
2|.........|
3|.*......1|
4|.........|
5|.........|
6|.........|
7|.....1...|
8|.........|
9|.........|
-|---------|
Set/delete mines marks (x and y coordinates):
> 9 7 free
 |123456789|
-|---------|
1|/////////|
2|//////111|
3|//////1.1|
4|//////111|
5|//1221///|
6|//1..1///|
7|//1221///|
8|/////////|
9|/////////|
-|---------|
Set/delete mines marks (x and y coordinates):
> 4 6 mine
 |123456789|
-|---------|
1|/////////|
2|//////111|
3|//////1.1|
4|//////111|
5|//1221///|
6|//1*.1///|
7|//1221///|
8|/////////|
9|/////////|
-|---------|
Set/delete mines marks (x and y coordinates):
> 8 3 free
 |123456789|
-|---------|
1|/////////|
2|//////111|
3|//////1X1|
4|//////111|
5|//1221///|
6|//1XX1///|
7|//1221///|
8|/////////|
9|/////////|
-|---------|
You stepped on a mine and failed!
?[1;31m
Start test 45?[0m
How many mines do you want on the field?
> 3
 |123456789|
-|---------|
1|.........|
2|.........|
3|.........|
4|.........|
5|.........|
6|.........|
7|.........|
8|.........|
9|.........|
-|---------|
Set/delete mines marks (x and y coordinates):
> 8 8 mine
 |123456789|
-|---------|
1|.........|
2|.........|
3|.........|
4|.........|
5|.........|
6|.........|
7|.........|
8|.......*.|
9|.........|
-|---------|
Set/delete mines marks (x and y coordinates):
> 8 8 mine
 |123456789|
-|---------|
1|.........|
2|.........|
3|.........|
4|.........|
5|.........|
6|.........|
7|.........|
8|.........|
9|.........|
-|---------|
Set/delete mines marks (x and y coordinates):
> 7 7 mine
 |123456789|
-|---------|
1|.........|
2|.........|
3|.........|
4|.........|
5|.........|
6|.........|
7|......*..|
8|.........|
9|.........|
-|---------|
Set/delete mines marks (x and y coordinates):
> 4 4 free
 |123456789|
-|---------|
1|.........|
2|.........|
3|.........|
4|...1.....|
5|.........|
6|.........|
7|......*..|
8|.........|
9|.........|
-|---------|
Set/delete mines marks (x and y coordinates):
> 6 9 free
 |123456789|
-|---------|
1|/////////|
2|///111///|
3|///1.1///|
4|///111///|
5|111//////|
6|..1////11|
7|111////1.|
8|///////11|
9|/////////|
-|---------|
Set/delete mines marks (x and y coordinates):
> 5 3 free
 |123456789|
-|---------|
1|/////////|
2|///111///|
3|///1X1///|
4|///111///|
5|111//////|
6|.X1////11|
7|111////1X|
8|///////11|
9|/////////|
-|---------|
You stepped on a mine and failed!
?[1;31m
Start test 46?[0m
How many mines do you want on the field?
> 3
 |123456789|
-|---------|
1|.........|
2|.........|
3|.........|
4|.........|
5|.........|
6|.........|
7|.........|
8|.........|
9|.........|
-|---------|
Set/delete mines marks (x and y coordinates):
> 5 6 free
 |123456789|
-|---------|
1|/////////|
2|111//////|
3|..1//////|
4|111//////|
5|/111//111|
6|/1.1//1..|
7|/111//111|
8|/////////|
9|/////////|
-|---------|
Set/delete mines marks (x and y coordinates):
> 9 6 mine
 |123456789|
-|---------|
1|/////////|
2|111//////|
3|..1//////|
4|111//////|
5|/111//111|
6|/1.1//1.*|
7|/111//111|
8|/////////|
9|/////////|
-|---------|
Set/delete mines marks (x and y coordinates):
> 1 3 mine
 |123456789|
-|---------|
1|/////////|
2|111//////|
3|*.1//////|
4|111//////|
5|/111//111|
6|/1.1//1.*|
7|/111//111|
8|/////////|
9|/////////|
-|---------|
Set/delete mines marks (x and y coordinates):
> 9 6 mine
 |123456789|
-|---------|
1|/////////|
2|111//////|
3|*.1//////|
4|111//////|
5|/111//111|
6|/1.1//1..|
7|/111//111|
8|/////////|
9|/////////|
-|---------|
Set/delete mines marks (x and y coordinates):
> 2 3 free
 |123456789|
-|---------|
1|/////////|
2|111//////|
3|*X1//////|
4|111//////|
5|/111//111|
6|/1X1//1X.|
7|/111//111|
8|/////////|
9|/////////|
-|---------|
You stepped on a mine and failed!
?[1;31m
Start test 47?[0m
How many mines do you want on the field?
> 3
 |123456789|
-|---------|
1|.........|
2|.........|
3|.........|
4|.........|
5|.........|
6|.........|
7|.........|
8|.........|
9|.........|
-|---------|
Set/delete mines marks (x and y coordinates):
> 7 4 free
 |123456789|
-|---------|
1|.........|
2|.........|
3|.........|
4|......1..|
5|.........|
6|.........|
7|.........|
8|.........|
9|.........|
-|---------|
Set/delete mines marks (x and y coordinates):
> 9 6 free
 |123456789|
-|---------|
1|.1///////|
2|.1///////|
3|11///////|
4|////111//|
5|////1.1//|
6|////111//|
7|///111///|
8|///1.1///|
9|///1.1///|
-|---------|
Set/delete mines marks (x and y coordinates):
> 5 9 mine
 |123456789|
-|---------|
1|.1///////|
2|.1///////|
3|11///////|
4|////111//|
5|////1.1//|
6|////111//|
7|///111///|
8|///1.1///|
9|///1*1///|
-|---------|
Set/delete mines marks (x and y coordinates):
> 5 8 mine
 |123456789|
-|---------|
1|.1///////|
2|.1///////|
3|11///////|
4|////111//|
5|////1.1//|
6|////111//|
7|///111///|
8|///1*1///|
9|///1*1///|
-|---------|
Set/delete mines marks (x and y coordinates):
> 1 1 mine
 |123456789|
-|---------|
1|*1///////|
2|.1///////|
3|11///////|
4|////111//|
5|////1.1//|
6|////111//|
7|///111///|
8|///1*1///|
9|///1*1///|
-|---------|
Set/delete mines marks (x and y coordinates):
> 6 5 mine
 |123456789|
-|---------|
1|*1///////|
2|.1///////|
3|11///////|
4|////111//|
5|////1*1//|
6|////111//|
7|///111///|
8|///1*1///|
9|///1*1///|
-|---------|
Set/delete mines marks (x and y coordinates):
> 1 2 free
 |123456789|
-|---------|
1|*1///////|
2|X1///////|
3|11///////|
4|////111//|
5|////1X1//|
6|////111//|
7|///111///|
8|///1X1///|
9|///1*1///|
-|---------|
You stepped on a mine and failed!
?[1;31m
Start test 48?[0m
How many mines do you want on the field?
> 3
 |123456789|
-|---------|
1|.........|
2|.........|
3|.........|
4|.........|
5|.........|
6|.........|
7|.........|
8|.........|
9|.........|
-|---------|
Set/delete mines marks (x and y coordinates):
> 2 6 free
 |123456789|
-|---------|
1|/////////|
2|/////111/|
3|/////1.1/|
4|/////111/|
5|/////////|
6|////111//|
7|///12.1//|
8|///1.21//|
9|///1.1///|
-|---------|
Set/delete mines marks (x and y coordinates):
> 7 3 mine
 |123456789|
-|---------|
1|/////////|
2|/////111/|
3|/////1*1/|
4|/////111/|
5|/////////|
6|////111//|
7|///12.1//|
8|///1.21//|
9|///1.1///|
-|---------|
Set/delete mines marks (x and y coordinates):
> 5 8 mine
 |123456789|
-|---------|
1|/////////|
2|/////111/|
3|/////1*1/|
4|/////111/|
5|/////////|
6|////111//|
7|///12.1//|
8|///1*21//|
9|///1.1///|
-|---------|
Set/delete mines marks (x and y coordinates):
> 6 7 mine
 |123456789|
-|---------|
1|/////////|
2|/////111/|
3|/////1*1/|
4|/////111/|
5|/////////|
6|////111//|
7|///12*1//|
8|///1*21//|
9|///1.1///|
-|---------|
Congratulations! You found all the mines!
?[1;31m
Start test 49?[0m
How many mines do you want on the field?
> 3
 |123456789|
-|---------|
1|.........|
2|.........|
3|.........|
4|.........|
5|.........|
6|.........|
7|.........|
8|.........|
9|.........|
-|---------|
Set/delete mines marks (x and y coordinates):
> 4 8 free
 |123456789|
-|---------|
1|/1.1///1.|
2|/1.1///1.|
3|/111///11|
4|/////////|
5|/////////|
6|//////111|
7|//////1..|
8|//////111|
9|/////////|
-|---------|
Set/delete mines marks (x and y coordinates):
> 8 7 mine
 |123456789|
-|---------|
1|/1.1///1.|
2|/1.1///1.|
3|/111///11|
4|/////////|
5|/////////|
6|//////111|
7|//////1*.|
8|//////111|
9|/////////|
-|---------|
Set/delete mines marks (x and y coordinates):
> 8 7 mine
 |123456789|
-|---------|
1|/1.1///1.|
2|/1.1///1.|
3|/111///11|
4|/////////|
5|/////////|
6|//////111|
7|//////1..|
8|//////111|
9|/////////|
-|---------|
Set/delete mines marks (x and y coordinates):
> 3 2 mine
 |123456789|
-|---------|
1|/1.1///1.|
2|/1*1///1.|
3|/111///11|
4|/////////|
5|/////////|
6|//////111|
7|//////1..|
8|//////111|
9|/////////|
-|---------|
Set/delete mines marks (x and y coordinates):
> 3 2 mine
 |123456789|
-|---------|
1|/1.1///1.|
2|/1.1///1.|
3|/111///11|
4|/////////|
5|/////////|
6|//////111|
7|//////1..|
8|//////111|
9|/////////|
-|---------|
Set/delete mines marks (x and y coordinates):
> 3 1 free
 |123456789|
-|---------|
1|/111///1.|
2|/1.1///1.|
3|/111///11|
4|/////////|
5|/////////|
6|//////111|
7|//////1..|
8|//////111|
9|/////////|
-|---------|
Set/delete mines marks (x and y coordinates):
> 3 2 free
 |123456789|
-|---------|
1|/111///1.|
2|/1X1///1X|
3|/111///11|
4|/////////|
5|/////////|
6|//////111|
7|//////1X.|
8|//////111|
9|/////////|
-|---------|
You stepped on a mine and failed!
?[1;31m
Start test 50?[0m
How many mines do you want on the field?
> 3
 |123456789|
-|---------|
1|.........|
2|.........|
3|.........|
4|.........|
5|.........|
6|.........|
7|.........|
8|.........|
9|.........|
-|---------|
Set/delete mines marks (x and y coordinates):
> 3 1 free
 |123456789|
-|---------|
1|////1....|
2|////1....|
3|////1111.|
4|///////11|
5|/////////|
6|/////////|
7|11///////|
8|.1///////|
9|.1///////|
-|---------|
Set/delete mines marks (x and y coordinates):
> 7 1 free
 |123456789|
-|---------|
1|////1.1..|
2|////1....|
3|////1111.|
4|///////11|
5|/////////|
6|/////////|
7|11///////|
8|.1///////|
9|.1///////|
-|---------|
Set/delete mines marks (x and y coordinates):
> 8 2 mine
 |123456789|
-|---------|
1|////1.1..|
2|////1..*.|
3|////1111.|
4|///////11|
5|/////////|
6|/////////|
7|11///////|
8|.1///////|
9|.1///////|
-|---------|
Set/delete mines marks (x and y coordinates):
> 9 3 free
 |123456789|
-|---------|
1|////1.1..|
2|////1X.*.|
3|////1111X|
4|///////11|
5|/////////|
6|/////////|
7|11///////|
8|X1///////|
9|.1///////|
-|---------|
You stepped on a mine and failed!
?[1;31m
Start test 51?[0m
How many mines do you want on the field?
> 3
 |123456789|
-|---------|
1|.........|
2|.........|
3|.........|
4|.........|
5|.........|
6|.........|
7|.........|
8|.........|
9|.........|
-|---------|
Set/delete mines marks (x and y coordinates):
> 1 6 mine
 |123456789|
-|---------|
1|.........|
2|.........|
3|.........|
4|.........|
5|.........|
6|*........|
7|.........|
8|.........|
9|.........|
-|---------|
Set/delete mines marks (x and y coordinates):
> 6 5 mine
 |123456789|
-|---------|
1|.........|
2|.........|
3|.........|
4|.........|
5|.....*...|
6|*........|
7|.........|
8|.........|
9|.........|
-|---------|
Set/delete mines marks (x and y coordinates):
> 9 7 mine
 |123456789|
-|---------|
1|.........|
2|.........|
3|.........|
4|.........|
5|.....*...|
6|*........|
7|........*|
8|.........|
9|.........|
-|---------|
Set/delete mines marks (x and y coordinates):
> 9 7 mine
 |123456789|
-|---------|
1|.........|
2|.........|
3|.........|
4|.........|
5|.....*...|
6|*........|
7|.........|
8|.........|
9|.........|
-|---------|
Set/delete mines marks (x and y coordinates):
> 4 4 free
 |123456789|
-|---------|
1|///////1.|
2|///////1.|
3|/////1121|
4|/////1.1/|
5|/////111/|
6|/////////|
7|////111//|
8|////1.1//|
9|////1.1//|
-|---------|
Set/delete mines marks (x and y coordinates):
> 9 2 mine
 |123456789|
-|---------|
1|///////1.|
2|///////1*|
3|/////1121|
4|/////1.1/|
5|/////111/|
6|/////////|
7|////111//|
8|////1.1//|
9|////1.1//|
-|---------|
Set/delete mines marks (x and y coordinates):
> 7 4 mine
 |123456789|
-|---------|
1|///////1.|
2|///////1*|
3|/////1121|
4|/////1*1/|
5|/////111/|
6|/////////|
7|////111//|
8|////1.1//|
9|////1.1//|
-|---------|
Set/delete mines marks (x and y coordinates):
> 7 4 mine
 |123456789|
-|---------|
1|///////1.|
2|///////1*|
3|/////1121|
4|/////1.1/|
5|/////111/|
6|/////////|
7|////111//|
8|////1.1//|
9|////1.1//|
-|---------|
Set/delete mines marks (x and y coordinates):
> 7 4 free
 |123456789|
-|---------|
1|///////1.|
2|///////1X|
3|/////1121|
4|/////1X1/|
5|/////111/|
6|/////////|
7|////111//|
8|////1X1//|
9|////1.1//|
-|---------|
You stepped on a mine and failed!
?[1;31m
Start test 52?[0m
How many mines do you want on the field?
> 3
 |123456789|
-|---------|
1|.........|
2|.........|
3|.........|
4|.........|
5|.........|
6|.........|
7|.........|
8|.........|
9|.........|
-|---------|
Set/delete mines marks (x and y coordinates):
> 1 4 mine
 |123456789|
-|---------|
1|.........|
2|.........|
3|.........|
4|*........|
5|.........|
6|.........|
7|.........|
8|.........|
9|.........|
-|---------|
Set/delete mines marks (x and y coordinates):
> 2 3 free
 |123456789|
-|---------|
1|/////////|
2|/////////|
3|/////////|
4|/////////|
5|/////111/|
6|/////1.1/|
7|11///111/|
8|.1/111///|
9|.1/1.1///|
-|---------|
Set/delete mines marks (x and y coordinates):
> 1 8 free
 |123456789|
-|---------|
1|/////////|
2|/////////|
3|/////////|
4|/////////|
5|/////111/|
6|/////1X1/|
7|11///111/|
8|X1/111///|
9|.1/1X1///|
-|---------|
You stepped on a mine and failed!
?[1;31m
Start test 53?[0m
How many mines do you want on the field?
> 3
 |123456789|
-|---------|
1|.........|
2|.........|
3|.........|
4|.........|
5|.........|
6|.........|
7|.........|
8|.........|
9|.........|
-|---------|
Set/delete mines marks (x and y coordinates):
> 2 5 free
 |123456789|
-|---------|
1|//////1..|
2|//////111|
3|/////////|
4|/////////|
5|/////////|
6|/////////|
7|/////////|
8|////1221/|
9|////1..1/|
-|---------|
Set/delete mines marks (x and y coordinates):
> 9 1 mine
 |123456789|
-|---------|
1|//////1.*|
2|//////111|
3|/////////|
4|/////////|
5|/////////|
6|/////////|
7|/////////|
8|////1221/|
9|////1..1/|
-|---------|
Set/delete mines marks (x and y coordinates):
> 7 9 free
 |123456789|
-|---------|
1|//////1X*|
2|//////111|
3|/////////|
4|/////////|
5|/////////|
6|/////////|
7|/////////|
8|////1221/|
9|////1XX1/|
-|---------|
You stepped on a mine and failed!
?[1;31m
Start test 54?[0m
How many mines do you want on the field?
> 3
 |123456789|
-|---------|
1|.........|
2|.........|
3|.........|
4|.........|
5|.........|
6|.........|
7|.........|
8|.........|
9|.........|
-|---------|
Set/delete mines marks (x and y coordinates):
> 9 4 free
 |123456789|
-|---------|
1|////1.1//|
2|///12.1//|
3|///1.21//|
4|///111///|
5|/////////|
6|/////////|
7|//////111|
8|//////1..|
9|//////1..|
-|---------|
Set/delete mines marks (x and y coordinates):
> 6 1 free
 |123456789|
-|---------|
1|////111//|
2|///12.1//|
3|///1.21//|
4|///111///|
5|/////////|
6|/////////|
7|//////111|
8|//////1..|
9|//////1..|
-|---------|
Set/delete mines marks (x and y coordinates):
> 9 9 free
 |123456789|
-|---------|
1|////111//|
2|///12.1//|
3|///1.21//|
4|///111///|
5|/////////|
6|/////////|
7|//////111|
8|//////1..|
9|//////1.1|
-|---------|
Set/delete mines marks (x and y coordinates):
> 8 8 mine
 |123456789|
-|---------|
1|////111//|
2|///12.1//|
3|///1.21//|
4|///111///|
5|/////////|
6|/////////|
7|//////111|
8|//////1*.|
9|//////1.1|
-|---------|
Set/delete mines marks (x and y coordinates):
> 8 9 mine
 |123456789|
-|---------|
1|////111//|
2|///12.1//|
3|///1.21//|
4|///111///|
5|/////////|
6|/////////|
7|//////111|
8|//////1*.|
9|//////1*1|
-|---------|
Set/delete mines marks (x and y coordinates):
> 9 8 free
 |123456789|
-|---------|
1|////111//|
2|///12.1//|
3|///1.21//|
4|///111///|
5|/////////|
6|/////////|
7|//////111|
8|//////1*1|
9|//////1*1|
-|---------|
Set/delete mines marks (x and y coordinates):
> 6 2 free
 |123456789|
-|---------|
1|////111//|
2|///12X1//|
3|///1X21//|
4|///111///|
5|/////////|
6|/////////|
7|//////111|
8|//////1X1|
9|//////1*1|
-|---------|
You stepped on a mine and failed!
?[1;31m
Start test 55?[0m
How many mines do you want on the field?
> 3
 |123456789|
-|---------|
1|.........|
2|.........|
3|.........|
4|.........|
5|.........|
6|.........|
7|.........|
8|.........|
9|.........|
-|---------|
Set/delete mines marks (x and y coordinates):
> 5 3 free
 |123456789|
-|---------|
1|/////////|
2|/111/////|
3|/1.1/////|
4|/111/////|
5|111//////|
6|..1//////|
7|..1//////|
8|..111////|
9|....1////|
-|---------|
Set/delete mines marks (x and y coordinates):
> 4 9 free
 |123456789|
-|---------|
1|/////////|
2|/111/////|
3|/1X1/////|
4|/111/////|
5|111//////|
6|.X1//////|
7|..1//////|
8|..111////|
9|...X1////|
-|---------|
You stepped on a mine and failed!
?[1;31m
Start test 56?[0m
How many mines do you want on the field?
> 3
 |123456789|
-|---------|
1|.........|
2|.........|
3|.........|
4|.........|
5|.........|
6|.........|
7|.........|
8|.........|
9|.........|
-|---------|
Set/delete mines marks (x and y coordinates):
> 3 9 free
 |123456789|
-|---------|
1|/////////|
2|/////////|
3|///111///|
4|///2.2///|
5|///2.2///|
6|///111///|
7|/////////|
8|////111//|
9|////1.1//|
-|---------|
Set/delete mines marks (x and y coordinates):
> 6 9 mine
 |123456789|
-|---------|
1|/////////|
2|/////////|
3|///111///|
4|///2.2///|
5|///2.2///|
6|///111///|
7|/////////|
8|////111//|
9|////1*1//|
-|---------|
Set/delete mines marks (x and y coordinates):
> 6 9 mine
 |123456789|
-|---------|
1|/////////|
2|/////////|
3|///111///|
4|///2.2///|
5|///2.2///|
6|///111///|
7|/////////|
8|////111//|
9|////1.1//|
-|---------|
Set/delete mines marks (x and y coordinates):
> 5 4 mine
 |123456789|
-|---------|
1|/////////|
2|/////////|
3|///111///|
4|///2*2///|
5|///2.2///|
6|///111///|
7|/////////|
8|////111//|
9|////1.1//|
-|---------|
Set/delete mines marks (x and y coordinates):
> 5 4 mine
 |123456789|
-|---------|
1|/////////|
2|/////////|
3|///111///|
4|///2.2///|
5|///2.2///|
6|///111///|
7|/////////|
8|////111//|
9|////1.1//|
-|---------|
Set/delete mines marks (x and y coordinates):
> 5 5 free
 |123456789|
-|---------|
1|/////////|
2|/////////|
3|///111///|
4|///2X2///|
5|///2X2///|
6|///111///|
7|/////////|
8|////111//|
9|////1X1//|
-|---------|
You stepped on a mine and failed!
?[1;31m
Start test 57?[0m
How many mines do you want on the field?
> 3
 |123456789|
-|---------|
1|.........|
2|.........|
3|.........|
4|.........|
5|.........|
6|.........|
7|.........|
8|.........|
9|.........|
-|---------|
Set/delete mines marks (x and y coordinates):
> 2 7 mine
 |123456789|
-|---------|
1|.........|
2|.........|
3|.........|
4|.........|
5|.........|
6|.........|
7|.*.......|
8|.........|
9|.........|
-|---------|
Set/delete mines marks (x and y coordinates):
> 4 2 mine
 |123456789|
-|---------|
1|.........|
2|...*.....|
3|.........|
4|.........|
5|.........|
6|.........|
7|.*.......|
8|.........|
9|.........|
-|---------|
Set/delete mines marks (x and y coordinates):
> 7 6 free
 |123456789|
-|---------|
1|.........|
2|...*.....|
3|.........|
4|.........|
5|.........|
6|......1..|
7|.*.......|
8|.........|
9|.........|
-|---------|
Set/delete mines marks (x and y coordinates):
> 9 6 free
 |123456789|
-|---------|
1|.........|
2|...*.....|
3|.........|
4|.........|
5|.........|
6|......1.1|
7|.*.......|
8|.........|
9|.........|
-|---------|
Set/delete mines marks (x and y coordinates):
> 2 7 mine
 |123456789|
-|---------|
1|.........|
2|...*.....|
3|.........|
4|.........|
5|.........|
6|......1.1|
7|.........|
8|.........|
9|.........|
-|---------|
Set/delete mines marks (x and y coordinates):
> 6 4 mine
 |123456789|
-|---------|
1|.........|
2|...*.....|
3|.........|
4|.....*...|
5|.........|
6|......1.1|
7|.........|
8|.........|
9|.........|
-|---------|
Set/delete mines marks (x and y coordinates):
> 1 6 free
 |123456789|
-|---------|
1|/////////|
2|/////111/|
3|/////1.21|
4|/////12..|
5|//////1..|
6|//////1.1|
7|//////1..|
8|//////111|
9|/////////|
-|---------|
Set/delete mines marks (x and y coordinates):
> 9 7 free
 |123456789|
-|---------|
1|/////////|
2|/////111/|
3|/////1.21|
4|/////12..|
5|//////1..|
6|//////1.1|
7|//////1.1|
8|//////111|
9|/////////|
-|---------|
Set/delete mines marks (x and y coordinates):
> 9 4 free
 |123456789|
-|---------|
1|/////////|
2|/////111/|
3|/////1.21|
4|/////12.1|
5|//////1..|
6|//////1.1|
7|//////1.1|
8|//////111|
9|/////////|
-|---------|
Set/delete mines marks (x and y coordinates):
> 7 3 free
 |123456789|
-|---------|
1|/////////|
2|/////111/|
3|/////1X21|
4|/////12X1|
5|//////1..|
6|//////1.1|
7|//////1X1|
8|//////111|
9|/////////|
-|---------|
You stepped on a mine and failed!
?[1;31m
Start test 58?[0m
How many mines do you want on the field?
> 3
 |123456789|
-|---------|
1|.........|
2|.........|
3|.........|
4|.........|
5|.........|
6|.........|
7|.........|
8|.........|
9|.........|
-|---------|
Set/delete mines marks (x and y coordinates):
> 7 6 mine
 |123456789|
-|---------|
1|.........|
2|.........|
3|.........|
4|.........|
5|.........|
6|......*..|
7|.........|
8|.........|
9|.........|
-|---------|
Set/delete mines marks (x and y coordinates):
> 7 2 free
 |123456789|
-|---------|
1|.........|
2|......2..|
3|.........|
4|.........|
5|.........|
6|......*..|
7|.........|
8|.........|
9|.........|
-|---------|
Set/delete mines marks (x and y coordinates):
> 9 2 free
 |123456789|
-|---------|
1|......1//|
2|......2//|
3|......211|
4|.........|
5|.........|
6|......*..|
7|.........|
8|.........|
9|.........|
-|---------|
Set/delete mines marks (x and y coordinates):
> 7 6 mine
 |123456789|
-|---------|
1|......1//|
2|......2//|
3|......211|
4|.........|
5|.........|
6|.........|
7|.........|
8|.........|
9|.........|
-|---------|
Set/delete mines marks (x and y coordinates):
> 4 8 free
 |123456789|
-|---------|
1|////1.1//|
2|////2.2//|
3|////2.211|
4|////1111.|
5|///////11|
6|/////////|
7|/////////|
8|/////////|
9|/////////|
-|---------|
Set/delete mines marks (x and y coordinates):
> 6 1 mine
 |123456789|
-|---------|
1|////1*1//|
2|////2.2//|
3|////2.211|
4|////1111.|
5|///////11|
6|/////////|
7|/////////|
8|/////////|
9|/////////|
-|---------|
Set/delete mines marks (x and y coordinates):
> 6 1 mine
 |123456789|
-|---------|
1|////1.1//|
2|////2.2//|
3|////2.211|
4|////1111.|
5|///////11|
6|/////////|
7|/////////|
8|/////////|
9|/////////|
-|---------|
Set/delete mines marks (x and y coordinates):
> 9 4 free
 |123456789|
-|---------|
1|////1.1//|
2|////2X2//|
3|////2X211|
4|////1111X|
5|///////11|
6|/////////|
7|/////////|
8|/////////|
9|/////////|
-|---------|
You stepped on a mine and failed!
?[1;31m
Start test 59?[0m
How many mines do you want on the field?
> 3
 |123456789|
-|---------|
1|.........|
2|.........|
3|.........|
4|.........|
5|.........|
6|.........|
7|.........|
8|.........|
9|.........|
-|---------|
Set/delete mines marks (x and y coordinates):
> 2 1 free
 |123456789|
-|---------|
1|.1.......|
2|.........|
3|.........|
4|.........|
5|.........|
6|.........|
7|.........|
8|.........|
9|.........|
-|---------|
Set/delete mines marks (x and y coordinates):
> 4 5 mine
 |123456789|
-|---------|
1|.1.......|
2|.........|
3|.........|
4|.........|
5|...*.....|
6|.........|
7|.........|
8|.........|
9|.........|
-|---------|
Set/delete mines marks (x and y coordinates):
> 4 5 mine
 |123456789|
-|---------|
1|.1.......|
2|.........|
3|.........|
4|.........|
5|.........|
6|.........|
7|.........|
8|.........|
9|.........|
-|---------|
Set/delete mines marks (x and y coordinates):
> 1 6 mine
 |123456789|
-|---------|
1|.1.......|
2|.........|
3|.........|
4|.........|
5|.........|
6|*........|
7|.........|
8|.........|
9|.........|
-|---------|
Set/delete mines marks (x and y coordinates):
> 1 6 mine
 |123456789|
-|---------|
1|.1.......|
2|.........|
3|.........|
4|.........|
5|.........|
6|.........|
7|.........|
8|.........|
9|.........|
-|---------|
Set/delete mines marks (x and y coordinates):
> 4 3 free
 |123456789|
-|---------|
1|.1.......|
2|.........|
3|...1.....|
4|.........|
5|.........|
6|.........|
7|.........|
8|.........|
9|.........|
-|---------|
Set/delete mines marks (x and y coordinates):
> 2 3 free
 |123456789|
-|---------|
1|.1.......|
2|.........|
3|.1.1.....|
4|.........|
5|.........|
6|.........|
7|.........|
8|.........|
9|.........|
-|---------|
Set/delete mines marks (x and y coordinates):
> 4 4 free
 |123456789|
-|---------|
1|/1....1//|
2|/1.1111//|
3|/111/////|
4|/////////|
5|/////////|
6|/////////|
7|/////////|
8|11///////|
9|.1///////|
-|---------|
Set/delete mines marks (x and y coordinates):
> 3 1 free
 |123456789|
-|---------|
1|/11...1//|
2|/1.1111//|
3|/111/////|
4|/////////|
5|/////////|
6|/////////|
7|/////////|
8|11///////|
9|.1///////|
-|---------|
Set/delete mines marks (x and y coordinates):
> 4 1 free
 |123456789|
-|---------|
1|/111..1//|
2|/1.1111//|
3|/111/////|
4|/////////|
5|/////////|
6|/////////|
7|/////////|
8|11///////|
9|.1///////|
-|---------|
Set/delete mines marks (x and y coordinates):
> 1 9 free
 |123456789|
-|---------|
1|/111.X1//|
2|/1X1111//|
3|/111/////|
4|/////////|
5|/////////|
6|/////////|
7|/////////|
8|11///////|
9|X1///////|
-|---------|
You stepped on a mine and failed!
?[1;31m
Start test 60?[0m
How many mines do you want on the field?
> 3
 |123456789|
-|---------|
1|.........|
2|.........|
3|.........|
4|.........|
5|.........|
6|.........|
7|.........|
8|.........|
9|.........|
-|---------|
Set/delete mines marks (x and y coordinates):
> 8 5 free
 |123456789|
-|---------|
1|.........|
2|.........|
3|.........|
4|.........|
5|.......1.|
6|.........|
7|.........|
8|.........|
9|.........|
-|---------|
Set/delete mines marks (x and y coordinates):
> 5 2 free
 |123456789|
-|---------|
1|..1//////|
2|111//////|
3|/////////|
4|///////11|
5|///////1.|
6|///////11|
7|//111////|
8|//1.1////|
9|//1.1////|
-|---------|
Set/delete mines marks (x and y coordinates):
> 9 5 free
 |123456789|
-|---------|
1|.X1//////|
2|111//////|
3|/////////|
4|///////11|
5|///////1X|
6|///////11|
7|//111////|
8|//1X1////|
9|//1.1////|
-|---------|
You stepped on a mine and failed!
?[1;31m
Start test 61?[0m
How many mines do you want on the field?
> 4
 |123456789|
-|---------|
1|.........|
2|.........|
3|.........|
4|.........|
5|.........|
6|.........|
7|.........|
8|.........|
9|.........|
-|---------|
Set/delete mines marks (x and y coordinates):
> 8 4 free
 |123456789|
-|---------|
1|////1.1//|
2|////111//|
3|/////////|
4|////111//|
5|/1122.1//|
6|/1...21//|
7|/11211///|
8|/////////|
9|/////////|
-|---------|
Set/delete mines marks (x and y coordinates):
> 3 6 mine
 |123456789|
-|---------|
1|////1.1//|
2|////111//|
3|/////////|
4|////111//|
5|/1122.1//|
6|/1*..21//|
7|/11211///|
8|/////////|
9|/////////|
-|---------|
Set/delete mines marks (x and y coordinates):
> 6 1 free
 |123456789|
-|---------|
1|////1X1//|
2|////111//|
3|/////////|
4|////111//|
5|/1122X1//|
6|/1X.X21//|
7|/11211///|
8|/////////|
9|/////////|
-|---------|
You stepped on a mine and failed!
?[1;31m
Start test 62?[0m
How many mines do you want on the field?
> 4
 |123456789|
-|---------|
1|.........|
2|.........|
3|.........|
4|.........|
5|.........|
6|.........|
7|.........|
8|.........|
9|.........|
-|---------|
Set/delete mines marks (x and y coordinates):
> 4 5 free
 |123456789|
-|---------|
1|.........|
2|.........|
3|.........|
4|.........|
5|...1.....|
6|.........|
7|.........|
8|.........|
9|.........|
-|---------|
Set/delete mines marks (x and y coordinates):
> 1 8 mine
 |123456789|
-|---------|
1|.........|
2|.........|
3|.........|
4|.........|
5|...1.....|
6|.........|
7|.........|
8|*........|
9|.........|
-|---------|
Set/delete mines marks (x and y coordinates):
> 8 3 mine
 |123456789|
-|---------|
1|.........|
2|.........|
3|.......*.|
4|.........|
5|...1.....|
6|.........|
7|.........|
8|*........|
9|.........|
-|---------|
Set/delete mines marks (x and y coordinates):
> 8 9 free
 |123456789|
-|---------|
1|////1....|
2|////1....|
3|////1111.|
4|/111///11|
5|/1.1/////|
6|/1.1/////|
7|/1.1/////|
8|/1.1/////|
9|/1.1/////|
-|---------|
Set/delete mines marks (x and y coordinates):
> 3 9 free
 |123456789|
-|---------|
1|////1....|
2|////1....|
3|////1111.|
4|/111///11|
5|/1.1/////|
6|/1.1/////|
7|/1.1/////|
8|/1.1/////|
9|/111/////|
-|---------|
Set/delete mines marks (x and y coordinates):
> 8 1 free
 |123456789|
-|---------|
1|////1.1//|
2|////1.111|
3|////1111.|
4|/111///11|
5|/1.1/////|
6|/1.1/////|
7|/1.1/////|
8|/1.1/////|
9|/111/////|
-|---------|
Set/delete mines marks (x and y coordinates):
> 6 2 free
 |123456789|
-|---------|
1|////1.1//|
2|////1X111|
3|////1111X|
4|/111///11|
5|/1X1/////|
6|/1.1/////|
7|/1.1/////|
8|/1X1/////|
9|/111/////|
-|---------|
You stepped on a mine and failed!
?[1;31m
Start test 63?[0m
How many mines do you want on the field?
> 4
 |123456789|
-|---------|
1|.........|
2|.........|
3|.........|
4|.........|
5|.........|
6|.........|
7|.........|
8|.........|
9|.........|
-|---------|
Set/delete mines marks (x and y coordinates):
> 1 7 mine
 |123456789|
-|---------|
1|.........|
2|.........|
3|.........|
4|.........|
5|.........|
6|.........|
7|*........|
8|.........|
9|.........|
-|---------|
Set/delete mines marks (x and y coordinates):
> 1 7 mine
 |123456789|
-|---------|
1|.........|
2|.........|
3|.........|
4|.........|
5|.........|
6|.........|
7|.........|
8|.........|
9|.........|
-|---------|
Set/delete mines marks (x and y coordinates):
> 7 9 free
 |123456789|
-|---------|
1|.........|
2|.........|
3|.........|
4|.........|
5|.........|
6|.........|
7|.....1111|
8|.....1///|
9|.....1///|
-|---------|
Set/delete mines marks (x and y coordinates):
> 8 4 free
 |123456789|
-|---------|
1|.........|
2|.........|
3|.........|
4|.......1.|
5|.........|
6|.........|
7|.....1111|
8|.....1///|
9|.....1///|
-|---------|
Set/delete mines marks (x and y coordinates):
> 8 3 mine
 |123456789|
-|---------|
1|.........|
2|.........|
3|.......*.|
4|.......1.|
5|.........|
6|.........|
7|.....1111|
8|.....1///|
9|.....1///|
-|---------|
Set/delete mines marks (x and y coordinates):
> 2 3 free
 |123456789|
-|---------|
1|.........|
2|.........|
3|.1.....*.|
4|.......1.|
5|.........|
6|.........|
7|.....1111|
8|.....1///|
9|.....1///|
-|---------|
Set/delete mines marks (x and y coordinates):
> 8 3 mine
 |123456789|
-|---------|
1|.........|
2|.........|
3|.1.......|
4|.......1.|
5|.........|
6|.........|
7|.....1111|
8|.....1///|
9|.....1///|
-|---------|
Set/delete mines marks (x and y coordinates):
> 1 6 free
 |123456789|
-|---------|
1|/////////|
2|/111/////|
3|/1.1/////|
4|/111///11|
5|//////12.|
6|//////1..|
7|///111111|
8|///1.1///|
9|///1.1///|
-|---------|
Set/delete mines marks (x and y coordinates):
> 5 9 mine
 |123456789|
-|---------|
1|/////////|
2|/111/////|
3|/1.1/////|
4|/111///11|
5|//////12.|
6|//////1..|
7|///111111|
8|///1.1///|
9|///1*1///|
-|---------|
Set/delete mines marks (x and y coordinates):
> 5 9 mine
 |123456789|
-|---------|
1|/////////|
2|/111/////|
3|/1.1/////|
4|/111///11|
5|//////12.|
6|//////1..|
7|///111111|
8|///1.1///|
9|///1.1///|
-|---------|
Set/delete mines marks (x and y coordinates):
> 9 6 mine
 |123456789|
-|---------|
1|/////////|
2|/111/////|
3|/1.1/////|
4|/111///11|
5|//////12.|
6|//////1.*|
7|///111111|
8|///1.1///|
9|///1.1///|
-|---------|
Set/delete mines marks (x and y coordinates):
> 8 6 free
 |123456789|
-|---------|
1|/////////|
2|/111/////|
3|/1X1/////|
4|/111///11|
5|//////12X|
6|//////1X*|
7|///111111|
8|///1X1///|
9|///1.1///|
-|---------|
You stepped on a mine and failed!
?[1;31m
Start test 64?[0m
How many mines do you want on the field?
> 4
 |123456789|
-|---------|
1|.........|
2|.........|
3|.........|
4|.........|
5|.........|
6|.........|
7|.........|
8|.........|
9|.........|
-|---------|
Set/delete mines marks (x and y coordinates):
> 8 6 mine
 |123456789|
-|---------|
1|.........|
2|.........|
3|.........|
4|.........|
5|.........|
6|.......*.|
7|.........|
8|.........|
9|.........|
-|---------|
Set/delete mines marks (x and y coordinates):
> 4 4 free
 |123456789|
-|---------|
1|..1//////|
2|..1//////|
3|.11//////|
4|.1///////|
5|.1///////|
6|11///////|
7|////111//|
8|////1.111|
9|////1....|
-|---------|
Set/delete mines marks (x and y coordinates):
> 9 9 free
 |123456789|
-|---------|
1|..1//////|
2|.X1//////|
3|.11//////|
4|.1///////|
5|X1///////|
6|11///////|
7|////111//|
8|////1X111|
9|////1...X|
-|---------|
You stepped on a mine and failed!
?[1;31m
Start test 65?[0m
How many mines do you want on the field?
> 4
 |123456789|
-|---------|
1|.........|
2|.........|
3|.........|
4|.........|
5|.........|
6|.........|
7|.........|
8|.........|
9|.........|
-|---------|
Set/delete mines marks (x and y coordinates):
> 8 8 free
 |123456789|
-|---------|
1|//////1..|
2|///1111..|
3|///1..111|
4|///12.1//|
5|////1.1//|
6|////111//|
7|11///////|
8|.1///////|
9|.1///////|
-|---------|
Set/delete mines marks (x and y coordinates):
> 8 2 free
 |123456789|
-|---------|
1|//////1..|
2|///1111X.|
3|///1X.111|
4|///12.1//|
5|////1X1//|
6|////111//|
7|11///////|
8|X1///////|
9|.1///////|
-|---------|
You stepped on a mine and failed!
?[1;31m
Start test 66?[0m
How many mines do you want on the field?
> 4
 |123456789|
-|---------|
1|.........|
2|.........|
3|.........|
4|.........|
5|.........|
6|.........|
7|.........|
8|.........|
9|.........|
-|---------|
Set/delete mines marks (x and y coordinates):
> 7 7 mine
 |123456789|
-|---------|
1|.........|
2|.........|
3|.........|
4|.........|
5|.........|
6|.........|
7|......*..|
8|.........|
9|.........|
-|---------|
Set/delete mines marks (x and y coordinates):
> 7 2 free
 |123456789|
-|---------|
1|.........|
2|......1..|
3|.........|
4|.........|
5|.........|
6|.........|
7|......*..|
8|.........|
9|.........|
-|---------|
Set/delete mines marks (x and y coordinates):
> 3 2 mine
 |123456789|
-|---------|
1|.........|
2|..*...1..|
3|.........|
4|.........|
5|.........|
6|.........|
7|......*..|
8|.........|
9|.........|
-|---------|
Set/delete mines marks (x and y coordinates):
> 9 4 free
 |123456789|
-|---------|
1|/1.1//1..|
2|/1*1//1..|
3|/111//111|
4|/////////|
5|/////////|
6|11///////|
7|.1///////|
8|11/111///|
9|///1.1///|
-|---------|
Set/delete mines marks (x and y coordinates):
> 3 2 mine
 |123456789|
-|---------|
1|/1.1//1..|
2|/1.1//1..|
3|/111//111|
4|/////////|
5|/////////|
6|11///////|
7|.1///////|
8|11/111///|
9|///1.1///|
-|---------|
Set/delete mines marks (x and y coordinates):
> 3 1 mine
 |123456789|
-|---------|
1|/1*1//1..|
2|/1.1//1..|
3|/111//111|
4|/////////|
5|/////////|
6|11///////|
7|.1///////|
8|11/111///|
9|///1.1///|
-|---------|
Set/delete mines marks (x and y coordinates):
> 8 1 free
 |123456789|
-|---------|
1|/1*1//11.|
2|/1.1//1..|
3|/111//111|
4|/////////|
5|/////////|
6|11///////|
7|.1///////|
8|11/111///|
9|///1.1///|
-|---------|
Set/delete mines marks (x and y coordinates):
> 3 1 mine
 |123456789|
-|---------|
1|/1.1//11.|
2|/1.1//1..|
3|/111//111|
4|/////////|
5|/////////|
6|11///////|
7|.1///////|
8|11/111///|
9|///1.1///|
-|---------|
Set/delete mines marks (x and y coordinates):
> 8 2 mine
 |123456789|
-|---------|
1|/1.1//11.|
2|/1.1//1*.|
3|/111//111|
4|/////////|
5|/////////|
6|11///////|
7|.1///////|
8|11/111///|
9|///1.1///|
-|---------|
Set/delete mines marks (x and y coordinates):
> 3 2 free
 |123456789|
-|---------|
1|/1.1//11.|
2|/1X1//1X.|
3|/111//111|
4|/////////|
5|/////////|
6|11///////|
7|X1///////|
8|11/111///|
9|///1X1///|
-|---------|
You stepped on a mine and failed!
?[1;31m
Start test 67?[0m
How many mines do you want on the field?
> 4
 |123456789|
-|---------|
1|.........|
2|.........|
3|.........|
4|.........|
5|.........|
6|.........|
7|.........|
8|.........|
9|.........|
-|---------|
Set/delete mines marks (x and y coordinates):
> 2 2 free
 |123456789|
-|---------|
1|.........|
2|.2.......|
3|.........|
4|.........|
5|.........|
6|.........|
7|.........|
8|.........|
9|.........|
-|---------|
Set/delete mines marks (x and y coordinates):
> 4 7 free
 |123456789|
-|---------|
1|.........|
2|.2.......|
3|.........|
4|.........|
5|.........|
6|.........|
7|...2.....|
8|.........|
9|.........|
-|---------|
Set/delete mines marks (x and y coordinates):
> 3 5 free
 |123456789|
-|---------|
1|.1///////|
2|.2///////|
3|.2///////|
4|11///////|
5|/////////|
6|/////////|
7|/11211///|
8|/1...1///|
9|/1...1///|
-|---------|
Set/delete mines marks (x and y coordinates):
> 4 8 mine
 |123456789|
-|---------|
1|.1///////|
2|.2///////|
3|.2///////|
4|11///////|
5|/////////|
6|/////////|
7|/11211///|
8|/1.*.1///|
9|/1...1///|
-|---------|
Set/delete mines marks (x and y coordinates):
> 5 9 mine
 |123456789|
-|---------|
1|.1///////|
2|.2///////|
3|.2///////|
4|11///////|
5|/////////|
6|/////////|
7|/11211///|
8|/1.*.1///|
9|/1..*1///|
-|---------|
Set/delete mines marks (x and y coordinates):
> 4 8 mine
 |123456789|
-|---------|
1|.1///////|
2|.2///////|
3|.2///////|
4|11///////|
5|/////////|
6|/////////|
7|/11211///|
8|/1...1///|
9|/1..*1///|
-|---------|
Set/delete mines marks (x and y coordinates):
> 4 8 free
 |123456789|
-|---------|
1|.1///////|
2|.2///////|
3|.2///////|
4|11///////|
5|/////////|
6|/////////|
7|/11211///|
8|/1.2.1///|
9|/1..*1///|
-|---------|
Set/delete mines marks (x and y coordinates):
> 1 3 free
 |123456789|
-|---------|
1|.1///////|
2|X2///////|
3|X2///////|
4|11///////|
5|/////////|
6|/////////|
7|/11211///|
8|/1X2X1///|
9|/1..*1///|
-|---------|
You stepped on a mine and failed!
?[1;31m
Start test 68?[0m
How many mines do you want on the field?
> 4
 |123456789|
-|---------|
1|.........|
2|.........|
3|.........|
4|.........|
5|.........|
6|.........|
7|.........|
8|.........|
9|.........|
-|---------|
Set/delete mines marks (x and y coordinates):
> 3 5 mine
 |123456789|
-|---------|
1|.........|
2|.........|
3|.........|
4|.........|
5|..*......|
6|.........|
7|.........|
8|.........|
9|.........|
-|---------|
Set/delete mines marks (x and y coordinates):
> 3 5 mine
 |123456789|
-|---------|
1|.........|
2|.........|
3|.........|
4|.........|
5|.........|
6|.........|
7|.........|
8|.........|
9|.........|
-|---------|
Set/delete mines marks (x and y coordinates):
> 3 9 free
 |123456789|
-|---------|
1|.........|
2|.........|
3|.........|
4|.........|
5|.........|
6|.........|
7|.........|
8|.........|
9|..2......|
-|---------|
Set/delete mines marks (x and y coordinates):
> 4 8 free
 |123456789|
-|---------|
1|.........|
2|.........|
3|.........|
4|.........|
5|.........|
6|.........|
7|.........|
8|...1.....|
9|..2......|
-|---------|
Set/delete mines marks (x and y coordinates):
> 8 1 free
 |123456789|
-|---------|
1|/////////|
2|/////////|
3|/////////|
4|11///////|
5|.1//111//|
6|11//1.1//|
7|////111//|
8|11211////|
9|..2.1////|
-|---------|
Set/delete mines marks (x and y coordinates):
> 1 9 free
 |123456789|
-|---------|
1|/////////|
2|/////////|
3|/////////|
4|11///////|
5|.1//111//|
6|11//1.1//|
7|////111//|
8|11211////|
9|1.2.1////|
-|---------|
Set/delete mines marks (x and y coordinates):
> 6 6 free
 |123456789|
-|---------|
1|/////////|
2|/////////|
3|/////////|
4|11///////|
5|X1//111//|
6|11//1X1//|
7|////111//|
8|11211////|
9|1X2X1////|
-|---------|
You stepped on a mine and failed!
?[1;31m
Start test 69?[0m
How many mines do you want on the field?
> 4
 |123456789|
-|---------|
1|.........|
2|.........|
3|.........|
4|.........|
5|.........|
6|.........|
7|.........|
8|.........|
9|.........|
-|---------|
Set/delete mines marks (x and y coordinates):
> 9 7 free
 |123456789|
-|---------|
1|/////////|
2|11211////|
3|....1////|
4|.1211////|
5|.1///////|
6|.1///////|
7|11///////|
8|////111//|
9|////1.1//|
-|---------|
Set/delete mines marks (x and y coordinates):
> 1 6 free
 |123456789|
-|---------|
1|/////////|
2|11211////|
3|.X.X1////|
4|.1211////|
5|.1///////|
6|X1///////|
7|11///////|
8|////111//|
9|////1X1//|
-|---------|
You stepped on a mine and failed!
?[1;31m
Start test 70?[0m
How many mines do you want on the field?
> 4
 |123456789|
-|---------|
1|.........|
2|.........|
3|.........|
4|.........|
5|.........|
6|.........|
7|.........|
8|.........|
9|.........|
-|---------|
Set/delete mines marks (x and y coordinates):
> 2 3 free
 |123456789|
-|---------|
1|.........|
2|.........|
3|.1.......|
4|.........|
5|.........|
6|.........|
7|.........|
8|.........|
9|.........|
-|---------|
Set/delete mines marks (x and y coordinates):
> 1 3 free
 |123456789|
-|---------|
1|.........|
2|.........|
3|11.......|
4|.........|
5|.........|
6|.........|
7|.........|
8|.........|
9|.........|
-|---------|
Set/delete mines marks (x and y coordinates):
> 3 5 mine
 |123456789|
-|---------|
1|.........|
2|.........|
3|11.......|
4|.........|
5|..*......|
6|.........|
7|.........|
8|.........|
9|.........|
-|---------|
Set/delete mines marks (x and y coordinates):
> 5 1 free
 |123456789|
-|---------|
1|....1....|
2|.........|
3|11.......|
4|.........|
5|..*......|
6|.........|
7|.........|
8|.........|
9|.........|
-|---------|
Set/delete mines marks (x and y coordinates):
> 8 4 mine
 |123456789|
-|---------|
1|....1....|
2|.........|
3|11.......|
4|.......*.|
5|..*......|
6|.........|
7|.........|
8|.........|
9|.........|
-|---------|
Set/delete mines marks (x and y coordinates):
> 8 4 mine
 |123456789|
-|---------|
1|....1....|
2|.........|
3|11.......|
4|.........|
5|..*......|
6|.........|
7|.........|
8|.........|
9|.........|
-|---------|
Set/delete mines marks (x and y coordinates):
> 1 4 free
 |123456789|
-|---------|
1|.1//1.1//|
2|.1//2.2//|
3|11//2.2//|
4|////111//|
5|/////111/|
6|/////1.1/|
7|/////111/|
8|/////////|
9|/////////|
-|---------|
Set/delete mines marks (x and y coordinates):
> 6 3 mine
 |123456789|
-|---------|
1|.1//1.1//|
2|.1//2.2//|
3|11//2*2//|
4|////111//|
5|/////111/|
6|/////1.1/|
7|/////111/|
8|/////////|
9|/////////|
-|---------|
Set/delete mines marks (x and y coordinates):
> 7 6 mine
 |123456789|
-|---------|
1|.1//1.1//|
2|.1//2.2//|
3|11//2*2//|
4|////111//|
5|/////111/|
6|/////1*1/|
7|/////111/|
8|/////////|
9|/////////|
-|---------|
Set/delete mines marks (x and y coordinates):
> 1 2 mine
 |123456789|
-|---------|
1|.1//1.1//|
2|*1//2.2//|
3|11//2*2//|
4|////111//|
5|/////111/|
6|/////1*1/|
7|/////111/|
8|/////////|
9|/////////|
-|---------|
Set/delete mines marks (x and y coordinates):
> 6 2 mine
 |123456789|
-|---------|
1|.1//1.1//|
2|*1//2*2//|
3|11//2*2//|
4|////111//|
5|/////111/|
6|/////1*1/|
7|/////111/|
8|/////////|
9|/////////|
-|---------|
Congratulations! You found all the mines!
?[1;31m
Start test 71?[0m
How many mines do you want on the field?
> 4
 |123456789|
-|---------|
1|.........|
2|.........|
3|.........|
4|.........|
5|.........|
6|.........|
7|.........|
8|.........|
9|.........|
-|---------|
Set/delete mines marks (x and y coordinates):
> 6 3 mine
 |123456789|
-|---------|
1|.........|
2|.........|
3|.....*...|
4|.........|
5|.........|
6|.........|
7|.........|
8|.........|
9|.........|
-|---------|
Set/delete mines marks (x and y coordinates):
> 9 9 free
 |123456789|
-|---------|
1|/////////|
2|/////////|
3|/////////|
4|/////////|
5|/////////|
6|//111////|
7|112.21///|
8|.....2///|
9|.....2///|
-|---------|
Set/delete mines marks (x and y coordinates):
> 3 8 free
 |123456789|
-|---------|
1|/////////|
2|/////////|
3|/////////|
4|/////////|
5|/////////|
6|//111////|
7|112.21///|
8|..2..2///|
9|.....2///|
-|---------|
Set/delete mines marks (x and y coordinates):
> 4 9 mine
 |123456789|
-|---------|
1|/////////|
2|/////////|
3|/////////|
4|/////////|
5|/////////|
6|//111////|
7|112.21///|
8|..2..2///|
9|...*.2///|
-|---------|
Set/delete mines marks (x and y coordinates):
> 2 9 free
 |123456789|
-|---------|
1|/////////|
2|/////////|
3|/////////|
4|/////////|
5|/////////|
6|//111////|
7|112.21///|
8|..2..2///|
9|.1.*.2///|
-|---------|
Set/delete mines marks (x and y coordinates):
> 4 9 mine
 |123456789|
-|---------|
1|/////////|
2|/////////|
3|/////////|
4|/////////|
5|/////////|
6|//111////|
7|112.21///|
8|..2..2///|
9|.1...2///|
-|---------|
Set/delete mines marks (x and y coordinates):
> 4 8 free
 |123456789|
-|---------|
1|/////////|
2|/////////|
3|/////////|
4|/////////|
5|/////////|
6|//111////|
7|112.21///|
8|..23.2///|
9|.1...2///|
-|---------|
Set/delete mines marks (x and y coordinates):
> 4 9 mine
 |123456789|
-|---------|
1|/////////|
2|/////////|
3|/////////|
4|/////////|
5|/////////|
6|//111////|
7|112.21///|
8|..23.2///|
9|.1.*.2///|
-|---------|
Set/delete mines marks (x and y coordinates):
> 3 9 free
 |123456789|
-|---------|
1|/////////|
2|/////////|
3|/////////|
4|/////////|
5|/////////|
6|//111////|
7|112.21///|
8|..23.2///|
9|.11*.2///|
-|---------|
Set/delete mines marks (x and y coordinates):
> 2 8 mine
 |123456789|
-|---------|
1|/////////|
2|/////////|
3|/////////|
4|/////////|
5|/////////|
6|//111////|
7|112.21///|
8|.*23.2///|
9|.11*.2///|
-|---------|
Set/delete mines marks (x and y coordinates):
> 1 8 mine
 |123456789|
-|---------|
1|/////////|
2|/////////|
3|/////////|
4|/////////|
5|/////////|
6|//111////|
7|112.21///|
8|**23.2///|
9|.11*.2///|
-|---------|
Set/delete mines marks (x and y coordinates):
> 2 8 mine
 |123456789|
-|---------|
1|/////////|
2|/////////|
3|/////////|
4|/////////|
5|/////////|
6|//111////|
7|112.21///|
8|*.23.2///|
9|.11*.2///|
-|---------|
Set/delete mines marks (x and y coordinates):
> 5 9 mine
 |123456789|
-|---------|
1|/////////|
2|/////////|
3|/////////|
4|/////////|
5|/////////|
6|//111////|
7|112.21///|
8|*.23.2///|
9|.11**2///|
-|---------|
Set/delete mines marks (x and y coordinates):
> 5 8 mine
 |123456789|
-|---------|
1|/////////|
2|/////////|
3|/////////|
4|/////////|
5|/////////|
6|//111////|
7|112.21///|
8|*.23*2///|
9|.11**2///|
-|---------|
Set/delete mines marks (x and y coordinates):
> 4 7 free
 |123456789|
-|---------|
1|/////////|
2|/////////|
3|/////////|
4|/////////|
5|/////////|
6|//111////|
7|112X21///|
8|*X23X2///|
9|.11*X2///|
-|---------|
You stepped on a mine and failed!
?[1;31m
Start test 72?[0m
How many mines do you want on the field?
> 4
 |123456789|
-|---------|
1|.........|
2|.........|
3|.........|
4|.........|
5|.........|
6|.........|
7|.........|
8|.........|
9|.........|
-|---------|
Set/delete mines marks (x and y coordinates):
> 7 4 free
 |123456789|
-|---------|
1|..1//////|
2|..1//////|
3|..1//////|
4|..111////|
5|....211//|
6|......1//|
7|......21/|
8|.......1/|
9|.......1/|
-|---------|
Set/delete mines marks (x and y coordinates):
> 3 8 free
 |123456789|
-|---------|
1|..1//////|
2|..1//////|
3|111//////|
4|//111////|
5|//1.211//|
6|//112.1//|
7|////1221/|
8|/////1.1/|
9|/////1.1/|
-|---------|
Set/delete mines marks (x and y coordinates):
> 7 9 mine
 |123456789|
-|---------|
1|..1//////|
2|..1//////|
3|111//////|
4|//111////|
5|//1.211//|
6|//112.1//|
7|////1221/|
8|/////1.1/|
9|/////1*1/|
-|---------|
Set/delete mines marks (x and y coordinates):
> 2 1 mine
 |123456789|
-|---------|
1|.*1//////|
2|..1//////|
3|111//////|
4|//111////|
5|//1.211//|
6|//112.1//|
7|////1221/|
8|/////1.1/|
9|/////1*1/|
-|---------|
Set/delete mines marks (x and y coordinates):
> 7 9 mine
 |123456789|
-|---------|
1|.*1//////|
2|..1//////|
3|111//////|
4|//111////|
5|//1.211//|
6|//112.1//|
7|////1221/|
8|/////1.1/|
9|/////1.1/|
-|---------|
Set/delete mines marks (x and y coordinates):
> 2 1 mine
 |123456789|
-|---------|
1|..1//////|
2|..1//////|
3|111//////|
4|//111////|
5|//1.211//|
6|//112.1//|
7|////1221/|
8|/////1.1/|
9|/////1.1/|
-|---------|
Set/delete mines marks (x and y coordinates):
> 1 2 mine
 |123456789|
-|---------|
1|..1//////|
2|*.1//////|
3|111//////|
4|//111////|
5|//1.211//|
6|//112.1//|
7|////1221/|
8|/////1.1/|
9|/////1.1/|
-|---------|
Set/delete mines marks (x and y coordinates):
> 1 2 mine
 |123456789|
-|---------|
1|..1//////|
2|..1//////|
3|111//////|
4|//111////|
5|//1.211//|
6|//112.1//|
7|////1221/|
8|/////1.1/|
9|/////1.1/|
-|---------|
Set/delete mines marks (x and y coordinates):
> 7 9 free
 |123456789|
-|---------|
1|..1//////|
2|..1//////|
3|111//////|
4|//111////|
5|//1.211//|
6|//112.1//|
7|////1221/|
8|/////1.1/|
9|/////111/|
-|---------|
Set/delete mines marks (x and y coordinates):
> 7 8 free
 |123456789|
-|---------|
1|..1//////|
2|.X1//////|
3|111//////|
4|//111////|
5|//1X211//|
6|//112X1//|
7|////1221/|
8|/////1X1/|
9|/////111/|
-|---------|
You stepped on a mine and failed!
?[1;31m
Start test 73?[0m
How many mines do you want on the field?
> 4
 |123456789|
-|---------|
1|.........|
2|.........|
3|.........|
4|.........|
5|.........|
6|.........|
7|.........|
8|.........|
9|.........|
-|---------|
Set/delete mines marks (x and y coordinates):
> 9 2 free
 |123456789|
-|---------|
1|.........|
2|........1|
3|.........|
4|.........|
5|.........|
6|.........|
7|.........|
8|.........|
9|.........|
-|---------|
Set/delete mines marks (x and y coordinates):
> 5 5 free
 |123456789|
-|---------|
1|...1//1..|
2|...1//111|
3|.211/////|
4|11///////|
5|/////////|
6|/111/////|
7|/1.1/////|
8|/111/////|
9|/////////|
-|---------|
Set/delete mines marks (x and y coordinates):
> 3 1 free
 |123456789|
-|---------|
1|..11//1..|
2|...1//111|
3|.211/////|
4|11///////|
5|/////////|
6|/111/////|
7|/1.1/////|
8|/111/////|
9|/////////|
-|---------|
Set/delete mines marks (x and y coordinates):
> 3 7 mine
 |123456789|
-|---------|
1|..11//1..|
2|...1//111|
3|.211/////|
4|11///////|
5|/////////|
6|/111/////|
7|/1*1/////|
8|/111/////|
9|/////////|
-|---------|
Set/delete mines marks (x and y coordinates):
> 3 7 mine
 |123456789|
-|---------|
1|..11//1..|
2|...1//111|
3|.211/////|
4|11///////|
5|/////////|
6|/111/////|
7|/1.1/////|
8|/111/////|
9|/////////|
-|---------|
Set/delete mines marks (x and y coordinates):
> 8 1 free
 |123456789|
-|---------|
1|..11//1X.|
2|..X1//111|
3|X211/////|
4|11///////|
5|/////////|
6|/111/////|
7|/1X1/////|
8|/111/////|
9|/////////|
-|---------|
You stepped on a mine and failed!
?[1;31m
Start test 74?[0m
How many mines do you want on the field?
> 4
 |123456789|
-|---------|
1|.........|
2|.........|
3|.........|
4|.........|
5|.........|
6|.........|
7|.........|
8|.........|
9|.........|
-|---------|
Set/delete mines marks (x and y coordinates):
> 8 8 mine
 |123456789|
-|---------|
1|.........|
2|.........|
3|.........|
4|.........|
5|.........|
6|.........|
7|.........|
8|.......*.|
9|.........|
-|---------|
Set/delete mines marks (x and y coordinates):
> 7 7 mine
 |123456789|
-|---------|
1|.........|
2|.........|
3|.........|
4|.........|
5|.........|
6|.........|
7|......*..|
8|.......*.|
9|.........|
-|---------|
Set/delete mines marks (x and y coordinates):
> 6 4 mine
 |123456789|
-|---------|
1|.........|
2|.........|
3|.........|
4|.....*...|
5|.........|
6|.........|
7|......*..|
8|.......*.|
9|.........|
-|---------|
Set/delete mines marks (x and y coordinates):
> 8 8 mine
 |123456789|
-|---------|
1|.........|
2|.........|
3|.........|
4|.....*...|
5|.........|
6|.........|
7|......*..|
8|.........|
9|.........|
-|---------|
Set/delete mines marks (x and y coordinates):
> 6 4 mine
 |123456789|
-|---------|
1|.........|
2|.........|
3|.........|
4|.........|
5|.........|
6|.........|
7|......*..|
8|.........|
9|.........|
-|---------|
Set/delete mines marks (x and y coordinates):
> 8 8 free
 |123456789|
-|---------|
1|.........|
2|.........|
3|.........|
4|.........|
5|.........|
6|.........|
7|......*..|
8|.......1.|
9|.........|
-|---------|
Set/delete mines marks (x and y coordinates):
> 8 2 free
 |123456789|
-|---------|
1|.........|
2|.......1.|
3|.........|
4|.........|
5|.........|
6|.........|
7|......*..|
8|.......1.|
9|.........|
-|---------|
Set/delete mines marks (x and y coordinates):
> 3 2 mine
 |123456789|
-|---------|
1|.........|
2|..*....1.|
3|.........|
4|.........|
5|.........|
6|.........|
7|......*..|
8|.......1.|
9|.........|
-|---------|
Set/delete mines marks (x and y coordinates):
> 3 2 mine
 |123456789|
-|---------|
1|.........|
2|.......1.|
3|.........|
4|.........|
5|.........|
6|.........|
7|......*..|
8|.......1.|
9|.........|
-|---------|
Set/delete mines marks (x and y coordinates):
> 8 6 mine
 |123456789|
-|---------|
1|.........|
2|.......1.|
3|.........|
4|.........|
5|.........|
6|.......*.|
7|......*..|
8|.......1.|
9|.........|
-|---------|
Set/delete mines marks (x and y coordinates):
> 1 2 free
 |123456789|
-|---------|
1|/////1.1/|
2|/////1.1/|
3|/////111/|
4|///1221//|
5|///1..1//|
6|///12321/|
7|/////1*1/|
8|/////111/|
9|/////////|
-|---------|
Set/delete mines marks (x and y coordinates):
> 7 7 mine
 |123456789|
-|---------|
1|/////1.1/|
2|/////1.1/|
3|/////111/|
4|///1221//|
5|///1..1//|
6|///12321/|
7|/////1.1/|
8|/////111/|
9|/////////|
-|---------|
Set/delete mines marks (x and y coordinates):
> 5 5 free
 |123456789|
-|---------|
1|/////1.1/|
2|/////1X1/|
3|/////111/|
4|///1221//|
5|///1XX1//|
6|///12321/|
7|/////1X1/|
8|/////111/|
9|/////////|
-|---------|
You stepped on a mine and failed!
?[1;31m
Start test 75?[0m
How many mines do you want on the field?
> 4
 |123456789|
-|---------|
1|.........|
2|.........|
3|.........|
4|.........|
5|.........|
6|.........|
7|.........|
8|.........|
9|.........|
-|---------|
Set/delete mines marks (x and y coordinates):
> 2 5 free
 |123456789|
-|---------|
1|///1.1///|
2|///1.1///|
3|///111///|
4|/////////|
5|/////////|
6|///////11|
7|///////2.|
8|111////2.|
9|..1////1.|
-|---------|
Set/delete mines marks (x and y coordinates):
> 5 1 free
 |123456789|
-|---------|
1|///111///|
2|///1.1///|
3|///111///|
4|/////////|
5|/////////|
6|///////11|
7|///////2.|
8|111////2.|
9|..1////1.|
-|---------|
Set/delete mines marks (x and y coordinates):
> 9 7 free
 |123456789|
-|---------|
1|///111///|
2|///1X1///|
3|///111///|
4|/////////|
5|/////////|
6|///////11|
7|///////2X|
8|111////2X|
9|.X1////1.|
-|---------|
You stepped on a mine and failed!
?[1;31m
Start test 76?[0m
How many mines do you want on the field?
> 4
 |123456789|
-|---------|
1|.........|
2|.........|
3|.........|
4|.........|
5|.........|
6|.........|
7|.........|
8|.........|
9|.........|
-|---------|
Set/delete mines marks (x and y coordinates):
> 7 7 free
 |123456789|
-|---------|
1|/////////|
2|/////////|
3|/////////|
4|11///////|
5|.1///////|
6|.1///////|
7|.111///11|
8|...211/1.|
9|.....1/1.|
-|---------|
Set/delete mines marks (x and y coordinates):
> 1 9 mine
 |123456789|
-|---------|
1|/////////|
2|/////////|
3|/////////|
4|11///////|
5|.1///////|
6|.1///////|
7|.111///11|
8|...211/1.|
9|*....1/1.|
-|---------|
Set/delete mines marks (x and y coordinates):
> 1 9 mine
 |123456789|
-|---------|
1|/////////|
2|/////////|
3|/////////|
4|11///////|
5|.1///////|
6|.1///////|
7|.111///11|
8|...211/1.|
9|.....1/1.|
-|---------|
Set/delete mines marks (x and y coordinates):
> 2 9 free
 |123456789|
-|---------|
1|/////////|
2|/////////|
3|/////////|
4|11///////|
5|.1///////|
6|.1///////|
7|.111///11|
8|...211/1.|
9|.1...1/1.|
-|---------|
Set/delete mines marks (x and y coordinates):
> 9 9 free
 |123456789|
-|---------|
1|/////////|
2|/////////|
3|/////////|
4|11///////|
5|.1///////|
6|.1///////|
7|.111///11|
8|...211/1.|
9|.1...1/11|
-|---------|
Set/delete mines marks (x and y coordinates):
> 5 9 mine
 |123456789|
-|---------|
1|/////////|
2|/////////|
3|/////////|
4|11///////|
5|.1///////|
6|.1///////|
7|.111///11|
8|...211/1.|
9|.1..*1/11|
-|---------|
Set/delete mines marks (x and y coordinates):
> 5 9 mine
 |123456789|
-|---------|
1|/////////|
2|/////////|
3|/////////|
4|11///////|
5|.1///////|
6|.1///////|
7|.111///11|
8|...211/1.|
9|.1...1/11|
-|---------|
Set/delete mines marks (x and y coordinates):
> 1 7 mine
 |123456789|
-|---------|
1|/////////|
2|/////////|
3|/////////|
4|11///////|
5|.1///////|
6|.1///////|
7|*111///11|
8|...211/1.|
9|.1...1/11|
-|---------|
Set/delete mines marks (x and y coordinates):
> 9 8 free
 |123456789|
-|---------|
1|/////////|
2|/////////|
3|/////////|
4|11///////|
5|X1///////|
6|.1///////|
7|*111///11|
8|..X211/1X|
9|.1..X1/11|
-|---------|
You stepped on a mine and failed!
?[1;31m
Start test 77?[0m
How many mines do you want on the field?
> 4
 |123456789|
-|---------|
1|.........|
2|.........|
3|.........|
4|.........|
5|.........|
6|.........|
7|.........|
8|.........|
9|.........|
-|---------|
Set/delete mines marks (x and y coordinates):
> 7 3 free
 |123456789|
-|---------|
1|.........|
2|.........|
3|......X..|
4|.........|
5|.........|
6|..XX.....|
7|.....X...|
8|.........|
9|.........|
-|---------|
You stepped on a mine and failed!
?[1;31m
Start test 78?[0m
How many mines do you want on the field?
> 4
 |123456789|
-|---------|
1|.........|
2|.........|
3|.........|
4|.........|
5|.........|
6|.........|
7|.........|
8|.........|
9|.........|
-|---------|
Set/delete mines marks (x and y coordinates):
> 3 2 mine
 |123456789|
-|---------|
1|.........|
2|..*......|
3|.........|
4|.........|
5|.........|
6|.........|
7|.........|
8|.........|
9|.........|
-|---------|
Set/delete mines marks (x and y coordinates):
> 4 9 free
 |123456789|
-|---------|
1|/////////|
2|///////11|
3|111////1.|
4|..1////11|
5|111/111//|
6|////2.2//|
7|////2.2//|
8|////111//|
9|/////////|
-|---------|
Set/delete mines marks (x and y coordinates):
> 9 3 free
 |123456789|
-|---------|
1|/////////|
2|///////11|
3|111////1X|
4|.X1////11|
5|111/111//|
6|////2X2//|
7|////2X2//|
8|////111//|
9|/////////|
-|---------|
You stepped on a mine and failed!
?[1;31m
Start test 79?[0m
How many mines do you want on the field?
> 4
 |123456789|
-|---------|
1|.........|
2|.........|
3|.........|
4|.........|
5|.........|
6|.........|
7|.........|
8|.........|
9|.........|
-|---------|
Set/delete mines marks (x and y coordinates):
> 5 7 free
 |123456789|
-|---------|
1|///1.1///|
2|///111///|
3|///////11|
4|///////1.|
5|///////11|
6|/////////|
7|/111/////|
8|/2.2/////|
9|/2.2/////|
-|---------|
Set/delete mines marks (x and y coordinates):
> 9 4 mine
 |123456789|
-|---------|
1|///1.1///|
2|///111///|
3|///////11|
4|///////1*|
5|///////11|
6|/////////|
7|/111/////|
8|/2.2/////|
9|/2.2/////|
-|---------|
Set/delete mines marks (x and y coordinates):
> 9 4 mine
 |123456789|
-|---------|
1|///1.1///|
2|///111///|
3|///////11|
4|///////1.|
5|///////11|
6|/////////|
7|/111/////|
8|/2.2/////|
9|/2.2/////|
-|---------|
Set/delete mines marks (x and y coordinates):
> 9 4 mine
 |123456789|
-|---------|
1|///1.1///|
2|///111///|
3|///////11|
4|///////1*|
5|///////11|
6|/////////|
7|/111/////|
8|/2.2/////|
9|/2.2/////|
-|---------|
Set/delete mines marks (x and y coordinates):
> 3 8 mine
 |123456789|
-|---------|
1|///1.1///|
2|///111///|
3|///////11|
4|///////1*|
5|///////11|
6|/////////|
7|/111/////|
8|/2*2/////|
9|/2.2/////|
-|---------|
Set/delete mines marks (x and y coordinates):
> 3 8 mine
 |123456789|
-|---------|
1|///1.1///|
2|///111///|
3|///////11|
4|///////1*|
5|///////11|
6|/////////|
7|/111/////|
8|/2.2/////|
9|/2.2/////|
-|---------|
Set/delete mines marks (x and y coordinates):
> 9 4 mine
 |123456789|
-|---------|
1|///1.1///|
2|///111///|
3|///////11|
4|///////1.|
5|///////11|
6|/////////|
7|/111/////|
8|/2.2/////|
9|/2.2/////|
-|---------|
Set/delete mines marks (x and y coordinates):
> 3 9 mine
 |123456789|
-|---------|
1|///1.1///|
2|///111///|
3|///////11|
4|///////1.|
5|///////11|
6|/////////|
7|/111/////|
8|/2.2/////|
9|/2*2/////|
-|---------|
Set/delete mines marks (x and y coordinates):
> 5 1 free
 |123456789|
-|---------|
1|///1X1///|
2|///111///|
3|///////11|
4|///////1X|
5|///////11|
6|/////////|
7|/111/////|
8|/2X2/////|
9|/2X2/////|
-|---------|
You stepped on a mine and failed!
?[1;31m
Start test 80?[0m
How many mines do you want on the field?
> 4
 |123456789|
-|---------|
1|.........|
2|.........|
3|.........|
4|.........|
5|.........|
6|.........|
7|.........|
8|.........|
9|.........|
-|---------|
Set/delete mines marks (x and y coordinates):
> 3 4 free
 |123456789|
-|---------|
1|/////////|
2|/////////|
3|////111//|
4|////1.1//|
5|////111//|
6|///111/11|
7|/112.1/1.|
8|/1.211/11|
9|/1.1/////|
-|---------|
Set/delete mines marks (x and y coordinates):
> 3 8 free
 |123456789|
-|---------|
1|/////////|
2|/////////|
3|////111//|
4|////1X1//|
5|////111//|
6|///111/11|
7|/112X1/1X|
8|/1X211/11|
9|/1.1/////|
-|---------|
You stepped on a mine and failed!
?[1;31m
Start test 81?[0m
How many mines do you want on the field?
> 5
 |123456789|
-|---------|
1|.........|
2|.........|
3|.........|
4|.........|
5|.........|
6|.........|
7|.........|
8|.........|
9|.........|
-|---------|
Set/delete mines marks (x and y coordinates):
> 2 1 free
 |123456789|
-|---------|
1|//////1..|
2|//////1..|
3|11////111|
4|.2///////|
5|.2///////|
6|11////111|
7|//////1..|
8|/////12..|
9|/////1...|
-|---------|
Set/delete mines marks (x and y coordinates):
> 8 8 mine
 |123456789|
-|---------|
1|//////1..|
2|//////1..|
3|11////111|
4|.2///////|
5|.2///////|
6|11////111|
7|//////1..|
8|/////12*.|
9|/////1...|
-|---------|
Set/delete mines marks (x and y coordinates):
> 8 8 mine
 |123456789|
-|---------|
1|//////1..|
2|//////1..|
3|11////111|
4|.2///////|
5|.2///////|
6|11////111|
7|//////1..|
8|/////12..|
9|/////1...|
-|---------|
Set/delete mines marks (x and y coordinates):
> 9 2 free
 |123456789|
-|---------|
1|//////1..|
2|//////1.1|
3|11////111|
4|.2///////|
5|.2///////|
6|11////111|
7|//////1..|
8|/////12..|
9|/////1...|
-|---------|
Set/delete mines marks (x and y coordinates):
> 9 7 mine
 |123456789|
-|---------|
1|//////1..|
2|//////1.1|
3|11////111|
4|.2///////|
5|.2///////|
6|11////111|
7|//////1.*|
8|/////12..|
9|/////1...|
-|---------|
Set/delete mines marks (x and y coordinates):
> 8 8 mine
 |123456789|
-|---------|
1|//////1..|
2|//////1.1|
3|11////111|
4|.2///////|
5|.2///////|
6|11////111|
7|//////1.*|
8|/////12*.|
9|/////1...|
-|---------|
Set/delete mines marks (x and y coordinates):
> 9 1 mine
 |123456789|
-|---------|
1|//////1.*|
2|//////1.1|
3|11////111|
4|.2///////|
5|.2///////|
6|11////111|
7|//////1.*|
8|/////12*.|
9|/////1...|
-|---------|
Set/delete mines marks (x and y coordinates):
> 8 2 free
 |123456789|
-|---------|
1|//////1.*|
2|//////1X1|
3|11////111|
4|X2///////|
5|X2///////|
6|11////111|
7|//////1X*|
8|/////12*.|
9|/////1X..|
-|---------|
You stepped on a mine and failed!
?[1;31m
Start test 82?[0m
How many mines do you want on the field?
> 5
 |123456789|
-|---------|
1|.........|
2|.........|
3|.........|
4|.........|
5|.........|
6|.........|
7|.........|
8|.........|
9|.........|
-|---------|
Set/delete mines marks (x and y coordinates):
> 5 2 free
 |123456789|
-|---------|
1|.........|
2|....1....|
3|.........|
4|.........|
5|.........|
6|.........|
7|.........|
8|.........|
9|.........|
-|---------|
Set/delete mines marks (x and y coordinates):
> 9 5 mine
 |123456789|
-|---------|
1|.........|
2|....1....|
3|.........|
4|.........|
5|........*|
6|.........|
7|.........|
8|.........|
9|.........|
-|---------|
Set/delete mines marks (x and y coordinates):
> 4 1 free
 |123456789|
-|---------|
1|/////////|
2|11/111///|
3|.2/1.1///|
4|.2/111///|
5|.1///////|
6|.1211////|
7|....1////|
8|11211////|
9|/////////|
-|---------|
Set/delete mines marks (x and y coordinates):
> 1 6 free
 |123456789|
-|---------|
1|/////////|
2|11/111///|
3|.2/1.1///|
4|.2/111///|
5|.1///////|
6|11211////|
7|....1////|
8|11211////|
9|/////////|
-|---------|
Set/delete mines marks (x and y coordinates):
> 3 7 free
 |123456789|
-|---------|
1|/////////|
2|11/111///|
3|.2/1.1///|
4|.2/111///|
5|.1///////|
6|11211////|
7|..2.1////|
8|11211////|
9|/////////|
-|---------|
Set/delete mines marks (x and y coordinates):
> 2 7 free
 |123456789|
-|---------|
1|/////////|
2|11/111///|
3|X2/1X1///|
4|X2/111///|
5|.1///////|
6|11211////|
7|.X2X1////|
8|11211////|
9|/////////|
-|---------|
You stepped on a mine and failed!
?[1;31m
Start test 83?[0m
How many mines do you want on the field?
> 6
 |123456789|
-|---------|
1|.........|
2|.........|
3|.........|
4|.........|
5|.........|
6|.........|
7|.........|
8|.........|
9|.........|
-|---------|
Set/delete mines marks (x and y coordinates):
> 1 7 free
 |123456789|
-|---------|
1|/////////|
2|/////////|
3|/////1121|
4|/////1...|
5|////12...|
6|////2....|
7|/1112....|
8|/1.......|
9|/1.......|
-|---------|
Set/delete mines marks (x and y coordinates):
> 7 4 mine
 |123456789|
-|---------|
1|/////////|
2|/////////|
3|/////1121|
4|/////1*..|
5|////12...|
6|////2....|
7|/1112....|
8|/1.......|
9|/1.......|
-|---------|
Set/delete mines marks (x and y coordinates):
> 7 4 mine
 |123456789|
-|---------|
1|/////////|
2|/////////|
3|/////1121|
4|/////1...|
5|////12...|
6|////2....|
7|/1112....|
8|/1.......|
9|/1.......|
-|---------|
Set/delete mines marks (x and y coordinates):
> 6 6 free
 |123456789|
-|---------|
1|/////////|
2|/////////|
3|/////1121|
4|/////1X.X|
5|////12.X.|
6|////2X...|
7|/1112X...|
8|/1X......|
9|/1.......|
-|---------|
You stepped on a mine and failed!
?[1;31m
Start test 84?[0m
How many mines do you want on the field?
> 6
 |123456789|
-|---------|
1|.........|
2|.........|
3|.........|
4|.........|
5|.........|
6|.........|
7|.........|
8|.........|
9|.........|
-|---------|
Set/delete mines marks (x and y coordinates):
> 6 9 free
 |123456789|
-|---------|
1|////1....|
2|/1111....|
3|/1.......|
4|/11......|
5|//1......|
6|//1...222|
7|//11211//|
8|/////////|
9|/////////|
-|---------|
Set/delete mines marks (x and y coordinates):
> 5 3 mine
 |123456789|
-|---------|
1|////1....|
2|/1111....|
3|/1..*....|
4|/11......|
5|//1......|
6|//1...222|
7|//11211//|
8|/////////|
9|/////////|
-|---------|
Set/delete mines marks (x and y coordinates):
> 5 3 mine
 |123456789|
-|---------|
1|////1....|
2|/1111....|
3|/1.......|
4|/11......|
5|//1......|
6|//1...222|
7|//11211//|
8|/////////|
9|/////////|
-|---------|
Set/delete mines marks (x and y coordinates):
> 5 3 mine
 |123456789|
-|---------|
1|////1....|
2|/1111....|
3|/1..*....|
4|/11......|
5|//1......|
6|//1...222|
7|//11211//|
8|/////////|
9|/////////|
-|---------|
Set/delete mines marks (x and y coordinates):
> 7 3 mine
 |123456789|
-|---------|
1|////1....|
2|/1111....|
3|/1..*.*..|
4|/11......|
5|//1......|
6|//1...222|
7|//11211//|
8|/////////|
9|/////////|
-|---------|
Set/delete mines marks (x and y coordinates):
> 5 5 free
 |123456789|
-|---------|
1|////1....|
2|/1111....|
3|/1..*.*..|
4|/11......|
5|//1.2....|
6|//1...222|
7|//11211//|
8|/////////|
9|/////////|
-|---------|
Set/delete mines marks (x and y coordinates):
> 8 2 mine
 |123456789|
-|---------|
1|////1....|
2|/1111..*.|
3|/1..*.*..|
4|/11......|
5|//1.2....|
6|//1...222|
7|//11211//|
8|/////////|
9|/////////|
-|---------|
Set/delete mines marks (x and y coordinates):
> 5 3 mine
 |123456789|
-|---------|
1|////1....|
2|/1111..*.|
3|/1....*..|
4|/11......|
5|//1.2....|
6|//1...222|
7|//11211//|
8|/////////|
9|/////////|
-|---------|
Set/delete mines marks (x and y coordinates):
> 8 2 mine
 |123456789|
-|---------|
1|////1....|
2|/1111....|
3|/1....*..|
4|/11......|
5|//1.2....|
6|//1...222|
7|//11211//|
8|/////////|
9|/////////|
-|---------|
Set/delete mines marks (x and y coordinates):
> 7 3 mine
 |123456789|
-|---------|
1|////1....|
2|/1111....|
3|/1.......|
4|/11......|
5|//1.2....|
6|//1...222|
7|//11211//|
8|/////////|
9|/////////|
-|---------|
Set/delete mines marks (x and y coordinates):
> 4 4 mine
 |123456789|
-|---------|
1|////1....|
2|/1111....|
3|/1.......|
4|/11*.....|
5|//1.2....|
6|//1...222|
7|//11211//|
8|/////////|
9|/////////|
-|---------|
Set/delete mines marks (x and y coordinates):
> 4 4 mine
 |123456789|
-|---------|
1|////1....|
2|/1111....|
3|/1.......|
4|/11......|
5|//1.2....|
6|//1...222|
7|//11211//|
8|/////////|
9|/////////|
-|---------|
Set/delete mines marks (x and y coordinates):
> 4 6 free
 |123456789|
-|---------|
1|////1X...|
2|/1111....|
3|/1X......|
4|/11......|
5|//1.2..XX|
6|//1X.X222|
7|//11211//|
8|/////////|
9|/////////|
-|---------|
You stepped on a mine and failed!
?[1;31m
Start test 85?[0m
How many mines do you want on the field?
> 7
 |123456789|
-|---------|
1|.........|
2|.........|
3|.........|
4|.........|
5|.........|
6|.........|
7|.........|
8|.........|
9|.........|
-|---------|
Set/delete mines marks (x and y coordinates):
> 5 2 free
 |123456789|
-|---------|
1|.........|
2|....1....|
3|.........|
4|.........|
5|.........|
6|.........|
7|.........|
8|.........|
9|.........|
-|---------|
Set/delete mines marks (x and y coordinates):
> 8 7 free
 |123456789|
-|---------|
1|....1/2..|
2|...11/2..|
3|...1//111|
4|...1/////|
5|...211///|
6|.....1///|
7|.....2///|
8|.....1///|
9|.....1///|
-|---------|
Set/delete mines marks (x and y coordinates):
> 3 4 mine
 |123456789|
-|---------|
1|....1/2..|
2|...11/2..|
3|...1//111|
4|..*1/////|
5|...211///|
6|.....1///|
7|.....2///|
8|.....1///|
9|.....1///|
-|---------|
Set/delete mines marks (x and y coordinates):
> 3 4 mine
 |123456789|
-|---------|
1|....1/2..|
2|...11/2..|
3|...1//111|
4|...1/////|
5|...211///|
6|.....1///|
7|.....2///|
8|.....1///|
9|.....1///|
-|---------|
Set/delete mines marks (x and y coordinates):
> 3 6 free
 |123456789|
-|---------|
1|....1/2..|
2|...11/2..|
3|...1//111|
4|...1/////|
5|...211///|
6|..1..1///|
7|.....2///|
8|.....1///|
9|.....1///|
-|---------|
Set/delete mines marks (x and y coordinates):
> 8 2 free
 |123456789|
-|---------|
1|...X1/2X.|
2|...11/2X.|
3|...1//111|
4|..X1/////|
5|...211///|
6|.X1.X1///|
7|.....2///|
8|....X1///|
9|.....1///|
-|---------|
You stepped on a mine and failed!
?[1;31m
Start test 86?[0m
How many mines do you want on the field?
> 7
 |123456789|
-|---------|
1|.........|
2|.........|
3|.........|
4|.........|
5|.........|
6|.........|
7|.........|
8|.........|
9|.........|
-|---------|
Set/delete mines marks (x and y coordinates):
> 9 4 free
 |123456789|
-|---------|
1|.........|
2|.........|
3|.........|
4|........1|
5|.........|
6|.........|
7|.........|
8|.........|
9|.........|
-|---------|
Set/delete mines marks (x and y coordinates):
> 1 9 free
 |123456789|
-|---------|
1|.1//1....|
2|11//1111.|
3|///////1.|
4|/1221//11|
5|/1..1////|
6|/1221////|
7|/////////|
8|//111/111|
9|//1.1/1..|
-|---------|
Set/delete mines marks (x and y coordinates):
> 9 9 free
 |123456789|
-|---------|
1|.1//1....|
2|11//1111.|
3|///////1.|
4|/1221//11|
5|/1..1////|
6|/1221////|
7|/////////|
8|//111/111|
9|//1.1/1.1|
-|---------|
Set/delete mines marks (x and y coordinates):
> 9 1 mine
 |123456789|
-|---------|
1|.1//1...*|
2|11//1111.|
3|///////1.|
4|/1221//11|
5|/1..1////|
6|/1221////|
7|/////////|
8|//111/111|
9|//1.1/1.1|
-|---------|
Set/delete mines marks (x and y coordinates):
> 7 1 free
 |123456789|
-|---------|
1|.1//1.1.*|
2|11//1111.|
3|///////1.|
4|/1221//11|
5|/1..1////|
6|/1221////|
7|/////////|
8|//111/111|
9|//1.1/1.1|
-|---------|
Set/delete mines marks (x and y coordinates):
> 6 1 free
 |123456789|
-|---------|
1|X1//1X1.*|
2|11//1111.|
3|///////1X|
4|/1221//11|
5|/1XX1////|
6|/1221////|
7|/////////|
8|//111/111|
9|//1X1/1X1|
-|---------|
You stepped on a mine and failed!
?[1;31m
Start test 87?[0m
How many mines do you want on the field?
> 8
 |123456789|
-|---------|
1|.........|
2|.........|
3|.........|
4|.........|
5|.........|
6|.........|
7|.........|
8|.........|
9|.........|
-|---------|
Set/delete mines marks (x and y coordinates):
> 5 4 free
 |123456789|
-|---------|
1|.........|
2|.........|
3|.........|
4|....2....|
5|.........|
6|.........|
7|.........|
8|.........|
9|.........|
-|---------|
Set/delete mines marks (x and y coordinates):
> 1 7 free
 |123456789|
-|---------|
1|/1.......|
2|/1...1111|
3|/13..1///|
4|//1221///|
5|/////////|
6|//////111|
7|////112..|
8|111/1....|
9|..1/1....|
-|---------|
Set/delete mines marks (x and y coordinates):
> 5 3 free
 |123456789|
-|---------|
1|/1.....X.|
2|/1XX.1111|
3|/13XX1///|
4|//1221///|
5|/////////|
6|//////111|
7|////112X.|
8|111/1X...|
9|.X1/1....|
-|---------|
You stepped on a mine and failed!
?[1;31m
Start test 88?[0m
How many mines do you want on the field?
> 8
 |123456789|
-|---------|
1|.........|
2|.........|
3|.........|
4|.........|
5|.........|
6|.........|
7|.........|
8|.........|
9|.........|
-|---------|
Set/delete mines marks (x and y coordinates):
> 3 5 free
 |123456789|
-|---------|
1|.........|
2|.........|
3|.........|
4|.........|
5|..1......|
6|.........|
7|.........|
8|.........|
9|.........|
-|---------|
Set/delete mines marks (x and y coordinates):
> 6 4 free
 |123456789|
-|---------|
1|.........|
2|.........|
3|.........|
4|.....2...|
5|..1......|
6|.........|
7|.........|
8|.........|
9|.........|
-|---------|
Set/delete mines marks (x and y coordinates):
> 9 2 mine
 |123456789|
-|---------|
1|.........|
2|........*|
3|.........|
4|.....2...|
5|..1......|
6|.........|
7|.........|
8|.........|
9|.........|
-|---------|
Set/delete mines marks (x and y coordinates):
> 1 1 free
 |123456789|
-|---------|
1|///1.....|
2|///12...*|
3|////1....|
4|//1122...|
5|//1.112..|
6|//111/12.|
7|///////1.|
8|//////11.|
9|//////1..|
-|---------|
Set/delete mines marks (x and y coordinates):
> 8 2 free
 |123456789|
-|---------|
1|///1.....|
2|///12..1*|
3|////1....|
4|//1122...|
5|//1.112..|
6|//111/12.|
7|///////1.|
8|//////11.|
9|//////1..|
-|---------|
Set/delete mines marks (x and y coordinates):
> 8 4 free
 |123456789|
-|---------|
1|///1.....|
2|///12..1*|
3|////1....|
4|//1122.2.|
5|//1.112..|
6|//111/12.|
7|///////1.|
8|//////11.|
9|//////1..|
-|---------|
Set/delete mines marks (x and y coordinates):
> 9 2 mine
 |123456789|
-|---------|
1|///1.....|
2|///12..1.|
3|////1....|
4|//1122.2.|
5|//1.112..|
6|//111/12.|
7|///////1.|
8|//////11.|
9|//////1..|
-|---------|
Set/delete mines marks (x and y coordinates):
> 9 4 mine
 |123456789|
-|---------|
1|///1.....|
2|///12..1.|
3|////1....|
4|//1122.2*|
5|//1.112..|
6|//111/12.|
7|///////1.|
8|//////11.|
9|//////1..|
-|---------|
Set/delete mines marks (x and y coordinates):
> 8 9 free
 |123456789|
-|---------|
1|///1X...X|
2|///12..1.|
3|////1X...|
4|//1122X2*|
5|//1X112X.|
6|//111/12X|
7|///////1.|
8|//////11.|
9|//////1X.|
-|---------|
You stepped on a mine and failed!
?[1;31m
Start test 89?[0m
How many mines do you want on the field?
> 9
 |123456789|
-|---------|
1|.........|
2|.........|
3|.........|
4|.........|
5|.........|
6|.........|
7|.........|
8|.........|
9|.........|
-|---------|
Set/delete mines marks (x and y coordinates):
> 5 7 free
 |123456789|
-|---------|
1|X.....X..|
2|.X.......|
3|.........|
4|...X.....|
5|.......X.|
6|.........|
7|X.X.X....|
8|.........|
9|..X......|
-|---------|
You stepped on a mine and failed!
?[1;31m
Start test 90?[0m
How many mines do you want on the field?
> 9
 |123456789|
-|---------|
1|.........|
2|.........|
3|.........|
4|.........|
5|.........|
6|.........|
7|.........|
8|.........|
9|.........|
-|---------|
Set/delete mines marks (x and y coordinates):
> 4 1 mine
 |123456789|
-|---------|
1|...*.....|
2|.........|
3|.........|
4|.........|
5|.........|
6|.........|
7|.........|
8|.........|
9|.........|
-|---------|
Set/delete mines marks (x and y coordinates):
> 9 1 free
 |123456789|
-|---------|
1|/////////|
2|//////111|
3|11////2..|
4|.1///13..|
5|.1///1...|
6|.1///13..|
7|.1111/3..|
8|....1/2..|
9|....1/1..|
-|---------|
Set/delete mines marks (x and y coordinates):
> 9 6 free
 |123456789|
-|---------|
1|/////////|
2|//////111|
3|11////2..|
4|.1///13..|
5|.1///1...|
6|.1///13.2|
7|.1111/3..|
8|....1/2..|
9|....1/1..|
-|---------|
Set/delete mines marks (x and y coordinates):
> 8 6 mine
 |123456789|
-|---------|
1|/////////|
2|//////111|
3|11////2..|
4|.1///13..|
5|.1///1...|
6|.1///13*2|
7|.1111/3..|
8|....1/2..|
9|....1/1..|
-|---------|
Set/delete mines marks (x and y coordinates):
> 9 8 mine
 |123456789|
-|---------|
1|/////////|
2|//////111|
3|11////2..|
4|.1///13..|
5|.1///1...|
6|.1///13*2|
7|.1111/3..|
8|....1/2.*|
9|....1/1..|
-|---------|
Set/delete mines marks (x and y coordinates):
> 9 4 free
 |123456789|
-|---------|
1|/////////|
2|//////111|
3|11////2..|
4|.1///13.2|
5|.1///1...|
6|.1///13*2|
7|.1111/3..|
8|....1/2.*|
9|....1/1..|
-|---------|
Set/delete mines marks (x and y coordinates):
> 1 7 free
 |123456789|
-|---------|
1|/////////|
2|//////111|
3|11////2X.|
4|X1///13X2|
5|.1///1X..|
6|.1///13X2|
7|X1111/3X.|
8|...X1/2X*|
9|....1/1..|
-|---------|
You stepped on a mine and failed!
?[1;31m
Start test 91?[0m
How many mines do you want on the field?
> 10
 |123456789|
-|---------|
1|.........|
2|.........|
3|.........|
4|.........|
5|.........|
6|.........|
7|.........|
8|.........|
9|.........|
-|---------|
Set/delete mines marks (x and y coordinates):
> 2 3 mine
 |123456789|
-|---------|
1|.........|
2|.........|
3|.*.......|
4|.........|
5|.........|
6|.........|
7|.........|
8|.........|
9|.........|
-|---------|
Set/delete mines marks (x and y coordinates):
> 2 4 mine
 |123456789|
-|---------|
1|.........|
2|.........|
3|.*.......|
4|.*.......|
5|.........|
6|.........|
7|.........|
8|.........|
9|.........|
-|---------|
Set/delete mines marks (x and y coordinates):
> 6 8 free
 |123456789|
-|---------|
1|.........|
2|.........|
3|.*.......|
4|.*.......|
5|.........|
6|.........|
7|.........|
8|.....1...|
9|.........|
-|---------|
Set/delete mines marks (x and y coordinates):
> 2 3 mine
 |123456789|
-|---------|
1|.........|
2|.........|
3|.........|
4|.*.......|
5|.........|
6|.........|
7|.........|
8|.....1...|
9|.........|
-|---------|
Set/delete mines marks (x and y coordinates):
> 8 2 mine
 |123456789|
-|---------|
1|.........|
2|.......*.|
3|.........|
4|.*.......|
5|.........|
6|.........|
7|.........|
8|.....1...|
9|.........|
-|---------|
Set/delete mines marks (x and y coordinates):
> 8 8 mine
 |123456789|
-|---------|
1|.........|
2|.......*.|
3|.........|
4|.*.......|
5|.........|
6|.........|
7|.........|
8|.....1.*.|
9|.........|
-|---------|
Set/delete mines marks (x and y coordinates):
> 6 7 free
 |123456789|
-|---------|
1|X........|
2|X......*.|
3|........X|
4|.*.....X.|
5|.X.......|
6|.........|
7|.....X...|
8|.X...1.*.|
9|XX......X|
-|---------|
You stepped on a mine and failed!
?[1;31m
Start test 92?[0m
How many mines do you want on the field?
> 10
 |123456789|
-|---------|
1|.........|
2|.........|
3|.........|
4|.........|
5|.........|
6|.........|
7|.........|
8|.........|
9|.........|
-|---------|
Set/delete mines marks (x and y coordinates):
> 4 1 free
 |123456789|
-|---------|
1|...1.....|
2|.........|
3|.........|
4|.........|
5|.........|
6|.........|
7|.........|
8|.........|
9|.........|
-|---------|
Set/delete mines marks (x and y coordinates):
> 8 4 free
 |123456789|
-|---------|
1|...1/////|
2|.311/////|
3|.2///////|
4|.211/////|
5|...1///11|
6|...21112.|
7|.........|
8|.........|
9|.........|
-|---------|
Set/delete mines marks (x and y coordinates):
> 3 7 mine
 |123456789|
-|---------|
1|...1/////|
2|.311/////|
3|.2///////|
4|.211/////|
5|...1///11|
6|...21112.|
7|..*......|
8|.........|
9|.........|
-|---------|
Set/delete mines marks (x and y coordinates):
> 3 7 mine
 |123456789|
-|---------|
1|...1/////|
2|.311/////|
3|.2///////|
4|.211/////|
5|...1///11|
6|...21112.|
7|.........|
8|.........|
9|.........|
-|---------|
Set/delete mines marks (x and y coordinates):
> 4 8 free
 |123456789|
-|---------|
1|...1/////|
2|.311/////|
3|.2///////|
4|.211/////|
5|...1///11|
6|...21112.|
7|.........|
8|...4.....|
9|.........|
-|---------|
Set/delete mines marks (x and y coordinates):
> 2 7 mine
 |123456789|
-|---------|
1|...1/////|
2|.311/////|
3|.2///////|
4|.211/////|
5|...1///11|
6|...21112.|
7|.*.......|
8|...4.....|
9|.........|
-|---------|
Set/delete mines marks (x and y coordinates):
> 6 9 free
 |123456789|
-|---------|
1|...1/////|
2|.311/////|
3|.2///////|
4|.211/////|
5|...1///11|
6|...21112.|
7|.*.......|
8|...4.....|
9|.....1...|
-|---------|
Set/delete mines marks (x and y coordinates):
> 3 8 free
 |123456789|
-|---------|
1|..X1/////|
2|X311/////|
3|X2///////|
4|.211/////|
5|..X1///11|
6|...21112X|
7|.*.X..X..|
8|..X4X....|
9|..X..1...|
-|---------|
You stepped on a mine and failed!
?[1;31m
Start test 93?[0m
How many mines do you want on the field?
> 15
 |123456789|
-|---------|
1|.........|
2|.........|
3|.........|
4|.........|
5|.........|
6|.........|
7|.........|
8|.........|
9|.........|
-|---------|
Set/delete mines marks (x and y coordinates):
> 3 5 free
 |123456789|
-|---------|
1|.........|
2|.........|
3|.........|
4|.........|
5|..2......|
6|.........|
7|.........|
8|.........|
9|.........|
-|---------|
Set/delete mines marks (x and y coordinates):
> 6 2 free
 |123456789|
-|---------|
1|///////1.|
2|11211//1.|
3|....2//11|
4|....2////|
5|..2.211//|
6|......211|
7|.........|
8|.........|
9|.........|
-|---------|
Set/delete mines marks (x and y coordinates):
> 2 5 mine
 |123456789|
-|---------|
1|///////1.|
2|11211//1.|
3|....2//11|
4|....2////|
5|.*2.211//|
6|......211|
7|.........|
8|.........|
9|.........|
-|---------|
Set/delete mines marks (x and y coordinates):
> 2 9 free
 |123456789|
-|---------|
1|///////1.|
2|11211//1.|
3|....2//11|
4|....2////|
5|.*2.211//|
6|......211|
7|.........|
8|.........|
9|.1.......|
-|---------|
Set/delete mines marks (x and y coordinates):
> 6 8 free
 |123456789|
-|---------|
1|///////1.|
2|11211//1X|
3|.X.X2//11|
4|X..X2////|
5|.*2.211//|
6|..X..X211|
7|X.X.X..X.|
8|.....XX..|
9|X1..X....|
-|---------|
You stepped on a mine and failed!
?[1;31m
Start test 94?[0m
How many mines do you want on the field?
> 15
 |123456789|
-|---------|
1|.........|
2|.........|
3|.........|
4|.........|
5|.........|
6|.........|
7|.........|
8|.........|
9|.........|
-|---------|
Set/delete mines marks (x and y coordinates):
> 5 7 mine
 |123456789|
-|---------|
1|.........|
2|.........|
3|.........|
4|.........|
5|.........|
6|.........|
7|....*....|
8|.........|
9|.........|
-|---------|
Set/delete mines marks (x and y coordinates):
> 2 5 free
 |123456789|
-|---------|
1|.........|
2|.........|
3|.........|
4|.........|
5|.1.......|
6|.........|
7|....*....|
8|.........|
9|.........|
-|---------|
Set/delete mines marks (x and y coordinates):
> 7 4 free
 |123456789|
-|---------|
1|.........|
2|.........|
3|.........|
4|......2..|
5|.1.......|
6|.........|
7|....*....|
8|.........|
9|.........|
-|---------|
Set/delete mines marks (x and y coordinates):
> 9 3 mine
 |123456789|
-|---------|
1|.........|
2|.........|
3|........*|
4|......2..|
5|.1.......|
6|.........|
7|....*....|
8|.........|
9|.........|
-|---------|
Set/delete mines marks (x and y coordinates):
> 9 3 mine
 |123456789|
-|---------|
1|.........|
2|.........|
3|.........|
4|......2..|
5|.1.......|
6|.........|
7|....*....|
8|.........|
9|.........|
-|---------|
Set/delete mines marks (x and y coordinates):
> 3 5 free
 |123456789|
-|---------|
1|.........|
2|.........|
3|.........|
4|......2..|
5|.11......|
6|.........|
7|....*....|
8|.........|
9|.........|
-|---------|
Set/delete mines marks (x and y coordinates):
> 5 7 mine
 |123456789|
-|---------|
1|.........|
2|.........|
3|.........|
4|......2..|
5|.11......|
6|.........|
7|.........|
8|.........|
9|.........|
-|---------|
Set/delete mines marks (x and y coordinates):
> 2 3 free
 |123456789|
-|---------|
1|.........|
2|.........|
3|.1.......|
4|......2..|
5|.11......|
6|.........|
7|.........|
8|.........|
9|.........|
-|---------|
Set/delete mines marks (x and y coordinates):
> 6 1 free
 |123456789|
-|---------|
1|.....1...|
2|.........|
3|.1.......|
4|......2..|
5|.11......|
6|.........|
7|.........|
8|.........|
9|.........|
-|---------|
Set/delete mines marks (x and y coordinates):
> 3 8 mine
 |123456789|
-|---------|
1|.....1...|
2|.........|
3|.1.......|
4|......2..|
5|.11......|
6|.........|
7|.........|
8|..*......|
9|.........|
-|---------|
Set/delete mines marks (x and y coordinates):
> 7 5 mine
 |123456789|
-|---------|
1|.....1...|
2|.........|
3|.1.......|
4|......2..|
5|.11...*..|
6|.........|
7|.........|
8|..*......|
9|.........|
-|---------|
Set/delete mines marks (x and y coordinates):
> 1 4 mine
 |123456789|
-|---------|
1|.....1...|
2|.........|
3|.1.......|
4|*.....2..|
5|.11...*..|
6|.........|
7|.........|
8|..*......|
9|.........|
-|---------|
Set/delete mines marks (x and y coordinates):
> 6 7 free
 |123456789|
-|---------|
1|.....1...|
2|11.......|
3|/1.......|
4|/1.2112..|
5|/111//3..|
6|//////2..|
7|221///11.|
8|..2////1.|
9|..2////1.|
-|---------|
Set/delete mines marks (x and y coordinates):
> 8 2 mine
 |123456789|
-|---------|
1|.....1...|
2|11.....*.|
3|/1.......|
4|/1.2112..|
5|/111//3..|
6|//////2..|
7|221///11.|
8|..2////1.|
9|..2////1.|
-|---------|
Set/delete mines marks (x and y coordinates):
> 4 3 free
 |123456789|
-|---------|
1|.....1...|
2|11.....*.|
3|/1.2.....|
4|/1.2112..|
5|/111//3..|
6|//////2..|
7|221///11.|
8|..2////1.|
9|..2////1.|
-|---------|
Set/delete mines marks (x and y coordinates):
> 8 4 mine
 |123456789|
-|---------|
1|.....1...|
2|11.....*.|
3|/1.2.....|
4|/1.2112*.|
5|/111//3..|
6|//////2..|
7|221///11.|
8|..2////1.|
9|..2////1.|
-|---------|
Set/delete mines marks (x and y coordinates):
> 8 3 mine
 |123456789|
-|---------|
1|.....1...|
2|11.....*.|
3|/1.2...*.|
4|/1.2112*.|
5|/111//3..|
6|//////2..|
7|221///11.|
8|..2////1.|
9|..2////1.|
-|---------|
Set/delete mines marks (x and y coordinates):
> 8 4 mine
 |123456789|
-|---------|
1|.....1...|
2|11.....*.|
3|/1.2...*.|
4|/1.2112..|
5|/111//3..|
6|//////2..|
7|221///11.|
8|..2////1.|
9|..2////1.|
-|---------|
Set/delete mines marks (x and y coordinates):
> 9 4 free
 |123456789|
-|---------|
1|X..XX1.X.|
2|11.....*.|
3|/1.2X..*X|
4|/1X2112XX|
5|/111//3X.|
6|//////2X.|
7|221///11.|
8|XX2////1.|
9|.X2////1X|
-|---------|
You stepped on a mine and failed!
?[1;31m
Start test 95?[0m
How many mines do you want on the field?
> 20
 |123456789|
-|---------|
1|.........|
2|.........|
3|.........|
4|.........|
5|.........|
6|.........|
7|.........|
8|.........|
9|.........|
-|---------|
Set/delete mines marks (x and y coordinates):
> 6 5 mine
 |123456789|
-|---------|
1|.........|
2|.........|
3|.........|
4|.........|
5|.....*...|
6|.........|
7|.........|
8|.........|
9|.........|
-|---------|
Set/delete mines marks (x and y coordinates):
> 6 1 free
 |123456789|
-|---------|
1|.....1...|
2|.........|
3|.........|
4|.........|
5|.....*...|
6|.........|
7|.........|
8|.........|
9|.........|
-|---------|
Set/delete mines marks (x and y coordinates):
> 5 3 free
 |123456789|
-|---------|
1|.....1...|
2|.........|
3|....3....|
4|.........|
5|.....*...|
6|.........|
7|.........|
8|.........|
9|.........|
-|---------|
Set/delete mines marks (x and y coordinates):
> 2 1 free
 |123456789|
-|---------|
1|.X.X.1...|
2|.....X...|
3|...X3....|
4|..X..XX.X|
5|.....*.XX|
6|....X....|
7|X..X.X...|
8|.....XX..|
9|XX.XX....|
-|---------|
You stepped on a mine and failed!
?[1;31m
Start test 96?[0m
How many mines do you want on the field?
> 20
 |123456789|
-|---------|
1|.........|
2|.........|
3|.........|
4|.........|
5|.........|
6|.........|
7|.........|
8|.........|
9|.........|
-|---------|
Set/delete mines marks (x and y coordinates):
> 1 7 mine
 |123456789|
-|---------|
1|.........|
2|.........|
3|.........|
4|.........|
5|.........|
6|.........|
7|*........|
8|.........|
9|.........|
-|---------|
Set/delete mines marks (x and y coordinates):
> 3 6 free
 |123456789|
-|---------|
1|.........|
2|.........|
3|.........|
4|.........|
5|.........|
6|..3......|
7|*........|
8|.........|
9|.........|
-|---------|
Set/delete mines marks (x and y coordinates):
> 9 1 mine
 |123456789|
-|---------|
1|........*|
2|.........|
3|.........|
4|.........|
5|.........|
6|..3......|
7|*........|
8|.........|
9|.........|
-|---------|
Set/delete mines marks (x and y coordinates):
> 1 7 mine
 |123456789|
-|---------|
1|........*|
2|.........|
3|.........|
4|.........|
5|.........|
6|..3......|
7|.........|
8|.........|
9|.........|
-|---------|
Set/delete mines marks (x and y coordinates):
> 2 3 free
 |123456789|
-|---------|
1|......X.*|
2|.X.XX....|
3|XX...X.X.|
4|X........|
5|.X.......|
6|..3.XX...|
7|..XXX...X|
8|.XX..XX..|
9|.........|
-|---------|
You stepped on a mine and failed!
?[1;31m
Start test 97?[0m
How many mines do you want on the field?
> 25
 |123456789|
-|---------|
1|.........|
2|.........|
3|.........|
4|.........|
5|.........|
6|.........|
7|.........|
8|.........|
9|.........|
-|---------|
Set/delete mines marks (x and y coordinates):
> 2 4 free
 |123456789|
-|---------|
1|....X..X.|
2|X........|
3|.........|
4|XX..X.XXX|
5|XX.XX.XX.|
6|.X.......|
7|...XXX...|
8|.......XX|
9|.XX.X..X.|
-|---------|
You stepped on a mine and failed!
?[1;31m
Start test 98?[0m
How many mines do you want on the field?
> 25
 |123456789|
-|---------|
1|.........|
2|.........|
3|.........|
4|.........|
5|.........|
6|.........|
7|.........|
8|.........|
9|.........|
-|---------|
Set/delete mines marks (x and y coordinates):
> 2 3 free
 |123456789|
-|---------|
1|.........|
2|.........|
3|.4.......|
4|.........|
5|.........|
6|.........|
7|.........|
8|.........|
9|.........|
-|---------|
Set/delete mines marks (x and y coordinates):
> 4 6 free
 |123456789|
-|---------|
1|.........|
2|.........|
3|.4.......|
4|.........|
5|.........|
6|...1.....|
7|.........|
8|.........|
9|.........|
-|---------|
Set/delete mines marks (x and y coordinates):
> 1 2 mine
 |123456789|
-|---------|
1|.........|
2|*........|
3|.4.......|
4|.........|
5|.........|
6|...1.....|
7|.........|
8|.........|
9|.........|
-|---------|
Set/delete mines marks (x and y coordinates):
> 7 9 free
 |123456789|
-|---------|
1|.........|
2|*........|
3|.4.......|
4|.........|
5|.........|
6|...1.....|
7|.........|
8|.........|
9|......1..|
-|---------|
Set/delete mines marks (x and y coordinates):
> 5 5 free
 |123456789|
-|---------|
1|.........|
2|*........|
3|.4.......|
4|.........|
5|....3....|
6|...1.....|
7|.........|
8|.........|
9|......1..|
-|---------|
Set/delete mines marks (x and y coordinates):
> 8 5 free
 |123456789|
-|---------|
1|.........|
2|*........|
3|.4.......|
4|.........|
5|....3..4.|
6|...1.....|
7|.........|
8|.........|
9|......1..|
-|---------|
Set/delete mines marks (x and y coordinates):
> 7 7 free
 |123456789|
-|---------|
1|.........|
2|*........|
3|.4.......|
4|.........|
5|....3..4.|
6|...1.....|
7|......3..|
8|.........|
9|......1..|
-|---------|
Set/delete mines marks (x and y coordinates):
> 1 2 mine
 |123456789|
-|---------|
1|.........|
2|.........|
3|.4.......|
4|.........|
5|....3..4.|
6|...1.....|
7|......3..|
8|.........|
9|......1..|
-|---------|
Set/delete mines marks (x and y coordinates):
> 1 5 free
 |123456789|
-|---------|
1|....X....|
2|X.X......|
3|.4.XX..X.|
4|X.XX..XX.|
5|X...3X.4X|
6|.X.1.X.X.|
7|....X.3X.|
8|.X..X....|
9|X..X.X1.X|
-|---------|
You stepped on a mine and failed!
?[1;31m
Start test 99?[0m
How many mines do you want on the field?
> 30
 |123456789|
-|---------|
1|.........|
2|.........|
3|.........|
4|.........|
5|.........|
6|.........|
7|.........|
8|.........|
9|.........|
-|---------|
Set/delete mines marks (x and y coordinates):
> 3 7 free
 |123456789|
-|---------|
1|.........|
2|.........|
3|.........|
4|.........|
5|.........|
6|.........|
7|..3......|
8|.........|
9|.........|
-|---------|
Set/delete mines marks (x and y coordinates):
> 4 4 mine
 |123456789|
-|---------|
1|.........|
2|.........|
3|.........|
4|...*.....|
5|.........|
6|.........|
7|..3......|
8|.........|
9|.........|
-|---------|
Set/delete mines marks (x and y coordinates):
> 1 7 free
 |123456789|
-|---------|
1|X.X....XX|
2|X.XX...X.|
3|..X.....X|
4|.X.X...X.|
5|XXX...XXX|
6|..XXX.XX.|
7|X.3.X....|
8|..X....XX|
9|.......X.|
-|---------|
You stepped on a mine and failed!
?[1;31m
Start test 100?[0m
How many mines do you want on the field?
> 30
 |123456789|
-|---------|
1|.........|
2|.........|
3|.........|
4|.........|
5|.........|
6|.........|
7|.........|
8|.........|
9|.........|
-|---------|
Set/delete mines marks (x and y coordinates):
> 1 8 mine
 |123456789|
-|---------|
1|.........|
2|.........|
3|.........|
4|.........|
5|.........|
6|.........|
7|.........|
8|*........|
9|.........|
-|---------|
Set/delete mines marks (x and y coordinates):
> 8 2 free
 |123456789|
-|---------|
1|.........|
2|.......3.|
3|.........|
4|.........|
5|.........|
6|.........|
7|.........|
8|*........|
9|.........|
-|---------|
Set/delete mines marks (x and y coordinates):
> 4 4 mine
 |123456789|
-|---------|
1|.........|
2|.......3.|
3|.........|
4|...*.....|
5|.........|
6|.........|
7|.........|
8|*........|
9|.........|
-|---------|
Set/delete mines marks (x and y coordinates):
> 4 4 mine
 |123456789|
-|---------|
1|.........|
2|.......3.|
3|.........|
4|.........|
5|.........|
6|.........|
7|.........|
8|*........|
9|.........|
-|---------|
Set/delete mines marks (x and y coordinates):
> 7 7 free
 |123456789|
-|---------|
1|.........|
2|.......3.|
3|.........|
4|.........|
5|.........|
6|.........|
7|......5..|
8|*........|
9|.........|
-|---------|
Set/delete mines marks (x and y coordinates):
> 2 8 free
 |123456789|
-|---------|
1|.........|
2|.......3.|
3|.........|
4|.........|
5|.........|
6|.........|
7|......5..|
8|*5.......|
9|.........|
-|---------|
Set/delete mines marks (x and y coordinates):
> 2 2 free
 |123456789|
-|---------|
1|.........|
2|.3.....3.|
3|.........|
4|.........|
5|.........|
6|.........|
7|......5..|
8|*5.......|
9|.........|
-|---------|
Set/delete mines marks (x and y coordinates):
> 9 6 free
 |123456789|
-|---------|
1|.........|
2|.3.....3.|
3|.........|
4|.........|
5|.........|
6|........1|
7|......5..|
8|*5.......|
9|.........|
-|---------|
Set/delete mines marks (x and y coordinates):
> 5 8 mine
 |123456789|
-|---------|
1|.........|
2|.3.....3.|
3|.........|
4|.........|
5|.........|
6|........1|
7|......5..|
8|*5..*....|
9|.........|
-|---------|
Set/delete mines marks (x and y coordinates):
> 5 9 free
 |123456789|
-|---------|
1|.........|
2|.3.....3.|
3|.........|
4|.........|
5|.........|
6|........1|
7|......5..|
8|*5..*....|
9|....2....|
-|---------|
Set/delete mines marks (x and y coordinates):
> 2 1 free
 |123456789|
-|---------|
1|.X...XX..|
2|X3..X..3X|
3|..X..X..X|
4|XX...X.X.|
5|..XXX....|
6|.X...X..1|
7|X.X.XX5X.|
8|X5..*X.X.|
9|X.X.2X.X.|
-|---------|
You stepped on a mine and failed!
?[1;31m
Start test 101?[0m
How many mines do you want on the field?
> 35
 |123456789|
-|---------|
1|.........|
2|.........|
3|.........|
4|.........|
5|.........|
6|.........|
7|.........|
8|.........|
9|.........|
-|---------|
Set/delete mines marks (x and y coordinates):
> 9 7 mine
 |123456789|
-|---------|
1|.........|
2|.........|
3|.........|
4|.........|
5|.........|
6|.........|
7|........*|
8|.........|
9|.........|
-|---------|
Set/delete mines marks (x and y coordinates):
> 6 4 mine
 |123456789|
-|---------|
1|.........|
2|.........|
3|.........|
4|.....*...|
5|.........|
6|.........|
7|........*|
8|.........|
9|.........|
-|---------|
Set/delete mines marks (x and y coordinates):
> 4 3 free
 |123456789|
-|---------|
1|.........|
2|.........|
3|...2.....|
4|.....*...|
5|.........|
6|.........|
7|........*|
8|.........|
9|.........|
-|---------|
Set/delete mines marks (x and y coordinates):
> 2 1 mine
 |123456789|
-|---------|
1|.*.......|
2|.........|
3|...2.....|
4|.....*...|
5|.........|
6|.........|
7|........*|
8|.........|
9|.........|
-|---------|
Set/delete mines marks (x and y coordinates):
> 9 7 mine
 |123456789|
-|---------|
1|.*.......|
2|.........|
3|...2.....|
4|.....*...|
5|.........|
6|.........|
7|.........|
8|.........|
9|.........|
-|---------|
Set/delete mines marks (x and y coordinates):
> 5 6 mine
 |123456789|
-|---------|
1|.*.......|
2|.........|
3|...2.....|
4|.....*...|
5|.........|
6|....*....|
7|.........|
8|.........|
9|.........|
-|---------|
Set/delete mines marks (x and y coordinates):
> 5 6 mine
 |123456789|
-|---------|
1|.*.......|
2|.........|
3|...2.....|
4|.....*...|
5|.........|
6|.........|
7|.........|
8|.........|
9|.........|
-|---------|
Set/delete mines marks (x and y coordinates):
> 6 1 free
 |123456789|
-|---------|
1|XXX..XXXX|
2|X....XX.X|
3|.X.2X..XX|
4|X..X.XX..|
5|...X.X...|
6|XX.....X.|
7|..X.XX..X|
8|.X..X...X|
9|.X..XXX..|
-|---------|
You stepped on a mine and failed!
?[1;31m
Start test 102?[0m
How many mines do you want on the field?
> 35
 |123456789|
-|---------|
1|.........|
2|.........|
3|.........|
4|.........|
5|.........|
6|.........|
7|.........|
8|.........|
9|.........|
-|---------|
Set/delete mines marks (x and y coordinates):
> 1 4 free
 |123456789|
-|---------|
1|.........|
2|.........|
3|.........|
4|1........|
5|.........|
6|.........|
7|.........|
8|.........|
9|.........|
-|---------|
Set/delete mines marks (x and y coordinates):
> 3 8 mine
 |123456789|
-|---------|
1|.........|
2|.........|
3|.........|
4|1........|
5|.........|
6|.........|
7|.........|
8|..*......|
9|.........|
-|---------|
Set/delete mines marks (x and y coordinates):
> 7 3 free
 |123456789|
-|---------|
1|XXXX.XX.X|
2|..XX...X.|
3|......X..|
4|1X.XX.XX.|
5|..X...XX.|
6|.XXX.XXX.|
7|..XX.....|
8|.XX....XX|
9|...X.X.XX|
-|---------|
You stepped on a mine and failed!
?[1;31m
Start test 103?[0m
How many mines do you want on the field?
> 40
 |123456789|
-|---------|
1|.........|
2|.........|
3|.........|
4|.........|
5|.........|
6|.........|
7|.........|
8|.........|
9|.........|
-|---------|
Set/delete mines marks (x and y coordinates):
> 4 9 mine
 |123456789|
-|---------|
1|.........|
2|.........|
3|.........|
4|.........|
5|.........|
6|.........|
7|.........|
8|.........|
9|...*.....|
-|---------|
Set/delete mines marks (x and y coordinates):
> 9 5 free
 |123456789|
-|---------|
1|.XXX...XX|
2|.X..XX...|
3|X.XX..X.X|
4|X.X..XXXX|
5|X.X.....X|
6|XX.XX...X|
7|X.XX..XXX|
8|.XX....X.|
9|.XX*..XX.|
-|---------|
You stepped on a mine and failed!
?[1;31m
Start test 104?[0m
How many mines do you want on the field?
> 40
 |123456789|
-|---------|
1|.........|
2|.........|
3|.........|
4|.........|
5|.........|
6|.........|
7|.........|
8|.........|
9|.........|
-|---------|
Set/delete mines marks (x and y coordinates):
> 8 4 free
 |123456789|
-|---------|
1|.........|
2|.........|
3|.........|
4|.......4.|
5|.........|
6|.........|
7|.........|
8|.........|
9|.........|
-|---------|
Set/delete mines marks (x and y coordinates):
> 8 6 free
 |123456789|
-|---------|
1|.........|
2|.........|
3|.........|
4|.......4.|
5|.........|
6|.......3.|
7|.........|
8|.........|
9|.........|
-|---------|
Set/delete mines marks (x and y coordinates):
> 3 8 free
 |123456789|
-|---------|
1|.XXX.....|
2|..XX.X.X.|
3|.X.XXX..X|
4|X..XXXX4X|
5|X.X....X.|
6|...XX..3.|
7|..XX.XX.X|
8|XXX.X.X.X|
9|X.XXX..XX|
-|---------|
You stepped on a mine and failed!
?[1;31m
Start test 105?[0m
How many mines do you want on the field?
> 45
 |123456789|
-|---------|
1|.........|
2|.........|
3|.........|
4|.........|
5|.........|
6|.........|
7|.........|
8|.........|
9|.........|
-|---------|
Set/delete mines marks (x and y coordinates):
> 2 3 mine
 |123456789|
-|---------|
1|.........|
2|.........|
3|.*.......|
4|.........|
5|.........|
6|.........|
7|.........|
8|.........|
9|.........|
-|---------|
Set/delete mines marks (x and y coordinates):
> 9 3 free
 |123456789|
-|---------|
1|.........|
2|.........|
3|.*......4|
4|.........|
5|.........|
6|.........|
7|.........|
8|.........|
9|.........|
-|---------|
Set/delete mines marks (x and y coordinates):
> 5 7 mine
 |123456789|
-|---------|
1|.........|
2|.........|
3|.*......4|
4|.........|
5|.........|
6|.........|
7|....*....|
8|.........|
9|.........|
-|---------|
Set/delete mines marks (x and y coordinates):
> 4 4 free
 |123456789|
-|---------|
1|.XXX.XXX.|
2|.XX.XXXX.|
3|X*X.XX.X4|
4|.X.XX.XXX|
5|..XX.X...|
6|.X....XXX|
7|.X.XXXXXX|
8|XXX.X...X|
9|....X..XX|
-|---------|
You stepped on a mine and failed!
?[1;31m
Start test 106?[0m
How many mines do you want on the field?
> 45
 |123456789|
-|---------|
1|.........|
2|.........|
3|.........|
4|.........|
5|.........|
6|.........|
7|.........|
8|.........|
9|.........|
-|---------|
Set/delete mines marks (x and y coordinates):
> 3 6 free
 |123456789|
-|---------|
1|.........|
2|.........|
3|.........|
4|.........|
5|.........|
6|..4......|
7|.........|
8|.........|
9|.........|
-|---------|
Set/delete mines marks (x and y coordinates):
> 5 8 free
 |123456789|
-|---------|
1|XXXXX.X.X|
2|XXXX.X.X.|
3|.XXX.XX..|
4|.XX.XXXXX|
5|X.XX.X...|
6|X.4XX....|
7|.X...XXX.|
8|..XXXXX..|
9|.X.X...XX|
-|---------|
You stepped on a mine and failed!
?[1;31m
Start test 107?[0m
How many mines do you want on the field?
> 50
 |123456789|
-|---------|
1|.........|
2|.........|
3|.........|
4|.........|
5|.........|
6|.........|
7|.........|
8|.........|
9|.........|
-|---------|
Set/delete mines marks (x and y coordinates):
> 9 1 mine
 |123456789|
-|---------|
1|........*|
2|.........|
3|.........|
4|.........|
5|.........|
6|.........|
7|.........|
8|.........|
9|.........|
-|---------|
Set/delete mines marks (x and y coordinates):
> 9 1 mine
 |123456789|
-|---------|
1|.........|
2|.........|
3|.........|
4|.........|
5|.........|
6|.........|
7|.........|
8|.........|
9|.........|
-|---------|
Set/delete mines marks (x and y coordinates):
> 4 4 free
 |123456789|
-|---------|
1|.........|
2|.........|
3|.........|
4|...4.....|
5|.........|
6|.........|
7|.........|
8|.........|
9|.........|
-|---------|
Set/delete mines marks (x and y coordinates):
> 2 2 free
 |123456789|
-|---------|
1|X.X.XX.X.|
2|XX..XX.X.|
3|.XX.XXX.X|
4|X..4XXX.X|
5|.X..XX.X.|
6|XXX.X.XXX|
7|XXXX.XXX.|
8|X.XXXX..X|
9|XX..X.X.X|
-|---------|
You stepped on a mine and failed!
?[1;31m
Start test 108?[0m
How many mines do you want on the field?
> 50
 |123456789|
-|---------|
1|.........|
2|.........|
3|.........|
4|.........|
5|.........|
6|.........|
7|.........|
8|.........|
9|.........|
-|---------|
Set/delete mines marks (x and y coordinates):
> 4 3 mine
 |123456789|
-|---------|
1|.........|
2|.........|
3|...*.....|
4|.........|
5|.........|
6|.........|
7|.........|
8|.........|
9|.........|
-|---------|
Set/delete mines marks (x and y coordinates):
> 5 4 free
 |123456789|
-|---------|
1|XX.XXXX.X|
2|X...XXXXX|
3|..XXXX.XX|
4|.XXXX.X.X|
5|XXXXXXX..|
6|X.X.XX..X|
7|.XXX..XX.|
8|XX.XX..X.|
9|X.X.....X|
-|---------|
You stepped on a mine and failed!
?[1;31m
Start test 109?[0m
How many mines do you want on the field?
> 55
 |123456789|
-|---------|
1|.........|
2|.........|
3|.........|
4|.........|
5|.........|
6|.........|
7|.........|
8|.........|
9|.........|
-|---------|
Set/delete mines marks (x and y coordinates):
> 6 3 free
 |123456789|
-|---------|
1|.X.XXX.XX|
2|..X.XXXXX|
3|X.X.XXX.X|
4|XXX.X.X..|
5|X.XX.XXXX|
6|X.X.XXXXX|
7|X.XX.XXXX|
8|X.X.XXX.X|
9|X..X.X.XX|
-|---------|
You stepped on a mine and failed!
?[1;31m
Start test 110?[0m
How many mines do you want on the field?
> 55
 |123456789|
-|---------|
1|.........|
2|.........|
3|.........|
4|.........|
5|.........|
6|.........|
7|.........|
8|.........|
9|.........|
-|---------|
Set/delete mines marks (x and y coordinates):
> 9 4 mine
 |123456789|
-|---------|
1|.........|
2|.........|
3|.........|
4|........*|
5|.........|
6|.........|
7|.........|
8|.........|
9|.........|
-|---------|
Set/delete mines marks (x and y coordinates):
> 9 4 mine
 |123456789|
-|---------|
1|.........|
2|.........|
3|.........|
4|.........|
5|.........|
6|.........|
7|.........|
8|.........|
9|.........|
-|---------|
Set/delete mines marks (x and y coordinates):
> 8 5 free
 |123456789|
-|---------|
1|XXX.X.XXX|
2|.X.XX.XXX|
3|X.XXXXXX.|
4|....XX..X|
5|X.X.X.XXX|
6|X.XXXXXX.|
7|XX.XXXXX.|
8|.XX.XX..X|
9|.XXXXX.XX|
-|---------|
You stepped on a mine and failed!
?[1;31m
Start test 111?[0m
How many mines do you want on the field?
> 60
 |123456789|
-|---------|
1|.........|
2|.........|
3|.........|
4|.........|
5|.........|
6|.........|
7|.........|
8|.........|
9|.........|
-|---------|
Set/delete mines marks (x and y coordinates):
> 3 6 free
 |123456789|
-|---------|
1|XXX.XXXXX|
2|XXXXXX.XX|
3|XXXXX.XXX|
4|.X.XXX.XX|
5|X.XXX...X|
6|X.XXXXXXX|
7|XX...X.XX|
8|XXX.X..X.|
9|XXXX.XXX.|
-|---------|
You stepped on a mine and failed!
?[1;31m
Start test 112?[0m
How many mines do you want on the field?
> 60
 |123456789|
-|---------|
1|.........|
2|.........|
3|.........|
4|.........|
5|.........|
6|.........|
7|.........|
8|.........|
9|.........|
-|---------|
Set/delete mines marks (x and y coordinates):
> 8 1 free
 |123456789|
-|---------|
1|XX.X.XXXX|
2|.XXXXXXXX|
3|X.XXX.X.X|
4|XXXXXXX.X|
5|X.XX.X...|
6|XXXXX..XX|
7|.XX..XXXX|
8|XXXXXXX..|
9|X.XX.XXXX|
-|---------|
You stepped on a mine and failed!
?[1;31m
Start test 113?[0m
How many mines do you want on the field?
> 65
 |123456789|
-|---------|
1|.........|
2|.........|
3|.........|
4|.........|
5|.........|
6|.........|
7|.........|
8|.........|
9|.........|
-|---------|
Set/delete mines marks (x and y coordinates):
> 5 1 free
 |123456789|
-|---------|
1|XXXXX.XXX|
2|X.X.XXXXX|
3|X.XX.XXXX|
4|..XX.XXXX|
5|XXXXX...X|
6|X.XXXXXXX|
7|XXXX.XXXX|
8|X.XXXXXXX|
9|..XXXXXXX|
-|---------|
You stepped on a mine and failed!
?[1;31m
Start test 114?[0m
How many mines do you want on the field?
> 65
 |123456789|
-|---------|
1|.........|
2|.........|
3|.........|
4|.........|
5|.........|
6|.........|
7|.........|
8|.........|
9|.........|
-|---------|
Set/delete mines marks (x and y coordinates):
> 3 6 mine
 |123456789|
-|---------|
1|.........|
2|.........|
3|.........|
4|.........|
5|.........|
6|..*......|
7|.........|
8|.........|
9|.........|
-|---------|
Set/delete mines marks (x and y coordinates):
> 3 6 mine
 |123456789|
-|---------|
1|.........|
2|.........|
3|.........|
4|.........|
5|.........|
6|.........|
7|.........|
8|.........|
9|.........|
-|---------|
Set/delete mines marks (x and y coordinates):
> 4 9 free
 |123456789|
-|---------|
1|.........|
2|.........|
3|.........|
4|.........|
5|.........|
6|.........|
7|.........|
8|.........|
9|...3.....|
-|---------|
Set/delete mines marks (x and y coordinates):
> 3 3 mine
 |123456789|
-|---------|
1|.........|
2|.........|
3|..*......|
4|.........|
5|.........|
6|.........|
7|.........|
8|.........|
9|...3.....|
-|---------|
Set/delete mines marks (x and y coordinates):
> 5 7 free
 |123456789|
-|---------|
1|XXXXXX.XX|
2|.XXXX.XX.|
3|XX*XXXXXX|
4|X.XXXXXXX|
5|XXXXXXXX.|
6|XXXXXX.XX|
7|XXXXXX.XX|
8|XXX.X..X.|
9|XX.3XXX.X|
-|---------|
You stepped on a mine and failed!
]]></system-out>
  <system-err><![CDATA[]]></system-err>
</testsuite>
